{"total": {"lines":{"total":276,"covered":238,"skipped":0,"pct":86.23},"statements":{"total":329,"covered":281,"skipped":0,"pct":85.41},"functions":{"total":70,"covered":59,"skipped":0,"pct":84.29},"branches":{"total":191,"covered":124,"skipped":0,"pct":64.92}}
,"/Users/mpijittum/src/bigbears/bearmaster-project/bearmaster-client-js/src/enums.ts": {"lines":{"total":9,"covered":9,"skipped":0,"pct":100},"functions":{"total":3,"covered":3,"skipped":0,"pct":100},"statements":{"total":9,"covered":9,"skipped":0,"pct":100},"branches":{"total":6,"covered":6,"skipped":0,"pct":100}}
,"/Users/mpijittum/src/bigbears/bearmaster-project/bearmaster-client-js/src/repository.ts": {"lines":{"total":82,"covered":69,"skipped":0,"pct":84.15},"functions":{"total":16,"covered":14,"skipped":0,"pct":87.5},"statements":{"total":90,"covered":76,"skipped":0,"pct":84.44},"branches":{"total":40,"covered":22,"skipped":0,"pct":55}}
,"/Users/mpijittum/src/bigbears/bearmaster-project/bearmaster-client-js/src/request.ts": {"lines":{"total":11,"covered":7,"skipped":0,"pct":63.64},"functions":{"total":2,"covered":1,"skipped":0,"pct":50},"statements":{"total":21,"covered":12,"skipped":0,"pct":57.14},"branches":{"total":6,"covered":3,"skipped":0,"pct":50}}
,"/Users/mpijittum/src/bigbears/bearmaster-project/bearmaster-client-js/src/storage.ts": {"lines":{"total":44,"covered":41,"skipped":0,"pct":93.18},"functions":{"total":11,"covered":11,"skipped":0,"pct":100},"statements":{"total":52,"covered":49,"skipped":0,"pct":94.23},"branches":{"total":18,"covered":16,"skipped":0,"pct":88.89}}
,"/Users/mpijittum/src/bigbears/bearmaster-project/bearmaster-client-js/src/utils.ts": {"lines":{"total":3,"covered":3,"skipped":0,"pct":100},"functions":{"total":1,"covered":1,"skipped":0,"pct":100},"statements":{"total":4,"covered":4,"skipped":0,"pct":100},"branches":{"total":2,"covered":1,"skipped":0,"pct":50}}
,"/Users/mpijittum/src/bigbears/bearmaster-project/bearmaster-client-js/src/strategy/DefaultStrategy.ts": {"lines":{"total":6,"covered":6,"skipped":0,"pct":100},"functions":{"total":3,"covered":3,"skipped":0,"pct":100},"statements":{"total":8,"covered":8,"skipped":0,"pct":100},"branches":{"total":2,"covered":2,"skipped":0,"pct":100}}
,"/Users/mpijittum/src/bigbears/bearmaster-project/bearmaster-client-js/src/strategy/FlexibleRolloutStrategy.ts": {"lines":{"total":24,"covered":22,"skipped":0,"pct":91.67},"functions":{"total":5,"covered":4,"skipped":0,"pct":80},"statements":{"total":27,"covered":24,"skipped":0,"pct":88.89},"branches":{"total":40,"covered":24,"skipped":0,"pct":60}}
,"/Users/mpijittum/src/bigbears/bearmaster-project/bearmaster-client-js/src/strategy/GradualRolloutRandomStrategy.ts": {"lines":{"total":10,"covered":10,"skipped":0,"pct":100},"functions":{"total":4,"covered":4,"skipped":0,"pct":100},"statements":{"total":13,"covered":13,"skipped":0,"pct":100},"branches":{"total":4,"covered":4,"skipped":0,"pct":100}}
,"/Users/mpijittum/src/bigbears/bearmaster-project/bearmaster-client-js/src/strategy/GradualRolloutSessionStrategy.ts": {"lines":{"total":13,"covered":12,"skipped":0,"pct":92.31},"functions":{"total":3,"covered":3,"skipped":0,"pct":100},"statements":{"total":15,"covered":14,"skipped":0,"pct":93.33},"branches":{"total":12,"covered":9,"skipped":0,"pct":75}}
,"/Users/mpijittum/src/bigbears/bearmaster-project/bearmaster-client-js/src/strategy/GradualRolloutUserStrategy.ts": {"lines":{"total":13,"covered":12,"skipped":0,"pct":92.31},"functions":{"total":3,"covered":3,"skipped":0,"pct":100},"statements":{"total":15,"covered":14,"skipped":0,"pct":93.33},"branches":{"total":12,"covered":9,"skipped":0,"pct":75}}
,"/Users/mpijittum/src/bigbears/bearmaster-project/bearmaster-client-js/src/strategy/HostnameStrategy.ts": {"lines":{"total":10,"covered":10,"skipped":0,"pct":100},"functions":{"total":3,"covered":3,"skipped":0,"pct":100},"statements":{"total":12,"covered":12,"skipped":0,"pct":100},"branches":{"total":7,"covered":6,"skipped":0,"pct":85.71}}
,"/Users/mpijittum/src/bigbears/bearmaster-project/bearmaster-client-js/src/strategy/RemoteAddressStrategy.ts": {"lines":{"total":18,"covered":18,"skipped":0,"pct":100},"functions":{"total":3,"covered":3,"skipped":0,"pct":100},"statements":{"total":23,"covered":23,"skipped":0,"pct":100},"branches":{"total":22,"covered":18,"skipped":0,"pct":81.82}}
,"/Users/mpijittum/src/bigbears/bearmaster-project/bearmaster-client-js/src/strategy/Strategy.ts": {"lines":{"total":26,"covered":12,"skipped":0,"pct":46.15},"functions":{"total":10,"covered":3,"skipped":0,"pct":30},"statements":{"total":31,"covered":14,"skipped":0,"pct":45.16},"branches":{"total":18,"covered":2,"skipped":0,"pct":11.11}}
,"/Users/mpijittum/src/bigbears/bearmaster-project/bearmaster-client-js/src/strategy/UserWithIdStrategy.ts": {"lines":{"total":7,"covered":7,"skipped":0,"pct":100},"functions":{"total":3,"covered":3,"skipped":0,"pct":100},"statements":{"total":9,"covered":9,"skipped":0,"pct":100},"branches":{"total":2,"covered":2,"skipped":0,"pct":100}}
}
