{"total": {"lines":{"total":542,"covered":501,"skipped":0,"pct":92.44},"statements":{"total":616,"covered":569,"skipped":0,"pct":92.37},"functions":{"total":138,"covered":122,"skipped":0,"pct":88.41},"branches":{"total":329,"covered":249,"skipped":0,"pct":75.68}}
,"/Users/mpijittum/src/bigbears/bearmaster-project/bearmaster-client-js/src/client.ts": {"lines":{"total":52,"covered":48,"skipped":0,"pct":92.31},"functions":{"total":14,"covered":11,"skipped":0,"pct":78.57},"statements":{"total":59,"covered":53,"skipped":0,"pct":89.83},"branches":{"total":44,"covered":36,"skipped":0,"pct":81.82}}
,"/Users/mpijittum/src/bigbears/bearmaster-project/bearmaster-client-js/src/enums.ts": {"lines":{"total":9,"covered":9,"skipped":0,"pct":100},"functions":{"total":3,"covered":3,"skipped":0,"pct":100},"statements":{"total":9,"covered":9,"skipped":0,"pct":100},"branches":{"total":6,"covered":6,"skipped":0,"pct":100}}
,"/Users/mpijittum/src/bigbears/bearmaster-project/bearmaster-client-js/src/metric.ts": {"lines":{"total":130,"covered":122,"skipped":0,"pct":93.85},"functions":{"total":24,"covered":23,"skipped":0,"pct":95.83},"statements":{"total":134,"covered":126,"skipped":0,"pct":94.03},"branches":{"total":52,"covered":45,"skipped":0,"pct":86.54}}
,"/Users/mpijittum/src/bigbears/bearmaster-project/bearmaster-client-js/src/repository.ts": {"lines":{"total":84,"covered":79,"skipped":0,"pct":94.05},"functions":{"total":17,"covered":16,"skipped":0,"pct":94.12},"statements":{"total":92,"covered":86,"skipped":0,"pct":93.48},"branches":{"total":40,"covered":30,"skipped":0,"pct":75}}
,"/Users/mpijittum/src/bigbears/bearmaster-project/bearmaster-client-js/src/request.ts": {"lines":{"total":11,"covered":11,"skipped":0,"pct":100},"functions":{"total":2,"covered":2,"skipped":0,"pct":100},"statements":{"total":21,"covered":21,"skipped":0,"pct":100},"branches":{"total":6,"covered":6,"skipped":0,"pct":100}}
,"/Users/mpijittum/src/bigbears/bearmaster-project/bearmaster-client-js/src/storage.ts": {"lines":{"total":44,"covered":41,"skipped":0,"pct":93.18},"functions":{"total":11,"covered":11,"skipped":0,"pct":100},"statements":{"total":52,"covered":49,"skipped":0,"pct":94.23},"branches":{"total":18,"covered":16,"skipped":0,"pct":88.89}}
,"/Users/mpijittum/src/bigbears/bearmaster-project/bearmaster-client-js/src/utils.ts": {"lines":{"total":3,"covered":3,"skipped":0,"pct":100},"functions":{"total":1,"covered":1,"skipped":0,"pct":100},"statements":{"total":4,"covered":4,"skipped":0,"pct":100},"branches":{"total":2,"covered":2,"skipped":0,"pct":100}}
,"/Users/mpijittum/src/bigbears/bearmaster-project/bearmaster-client-js/src/variant.ts": {"lines":{"total":35,"covered":32,"skipped":0,"pct":91.43},"functions":{"total":12,"covered":12,"skipped":0,"pct":100},"statements":{"total":38,"covered":35,"skipped":0,"pct":92.11},"branches":{"total":28,"covered":21,"skipped":0,"pct":75}}
,"/Users/mpijittum/src/bigbears/bearmaster-project/bearmaster-client-js/src/__test__/mock/MockRepository.ts": {"lines":{"total":26,"covered":23,"skipped":0,"pct":88.46},"functions":{"total":7,"covered":3,"skipped":0,"pct":42.86},"statements":{"total":28,"covered":25,"skipped":0,"pct":89.29},"branches":{"total":8,"covered":2,"skipped":0,"pct":25}}
,"/Users/mpijittum/src/bigbears/bearmaster-project/bearmaster-client-js/src/__test__/mock/MockStorage.ts": {"lines":{"total":18,"covered":18,"skipped":0,"pct":100},"functions":{"total":9,"covered":8,"skipped":0,"pct":88.89},"statements":{"total":22,"covered":22,"skipped":0,"pct":100},"branches":{"total":4,"covered":2,"skipped":0,"pct":50}}
,"/Users/mpijittum/src/bigbears/bearmaster-project/bearmaster-client-js/src/__test__/repository/setup.ts": {"lines":{"total":3,"covered":3,"skipped":0,"pct":100},"functions":{"total":1,"covered":1,"skipped":0,"pct":100},"statements":{"total":4,"covered":4,"skipped":0,"pct":100},"branches":{"total":2,"covered":2,"skipped":0,"pct":100}}
,"/Users/mpijittum/src/bigbears/bearmaster-project/bearmaster-client-js/src/strategy/DefaultStrategy.ts": {"lines":{"total":6,"covered":6,"skipped":0,"pct":100},"functions":{"total":3,"covered":3,"skipped":0,"pct":100},"statements":{"total":8,"covered":8,"skipped":0,"pct":100},"branches":{"total":2,"covered":2,"skipped":0,"pct":100}}
,"/Users/mpijittum/src/bigbears/bearmaster-project/bearmaster-client-js/src/strategy/FlexibleRolloutStrategy.ts": {"lines":{"total":24,"covered":22,"skipped":0,"pct":91.67},"functions":{"total":5,"covered":4,"skipped":0,"pct":80},"statements":{"total":27,"covered":24,"skipped":0,"pct":88.89},"branches":{"total":40,"covered":24,"skipped":0,"pct":60}}
,"/Users/mpijittum/src/bigbears/bearmaster-project/bearmaster-client-js/src/strategy/GradualRolloutRandomStrategy.ts": {"lines":{"total":10,"covered":10,"skipped":0,"pct":100},"functions":{"total":4,"covered":4,"skipped":0,"pct":100},"statements":{"total":13,"covered":13,"skipped":0,"pct":100},"branches":{"total":4,"covered":4,"skipped":0,"pct":100}}
,"/Users/mpijittum/src/bigbears/bearmaster-project/bearmaster-client-js/src/strategy/GradualRolloutSessionStrategy.ts": {"lines":{"total":13,"covered":12,"skipped":0,"pct":92.31},"functions":{"total":3,"covered":3,"skipped":0,"pct":100},"statements":{"total":15,"covered":14,"skipped":0,"pct":93.33},"branches":{"total":12,"covered":9,"skipped":0,"pct":75}}
,"/Users/mpijittum/src/bigbears/bearmaster-project/bearmaster-client-js/src/strategy/GradualRolloutUserStrategy.ts": {"lines":{"total":13,"covered":12,"skipped":0,"pct":92.31},"functions":{"total":3,"covered":3,"skipped":0,"pct":100},"statements":{"total":15,"covered":14,"skipped":0,"pct":93.33},"branches":{"total":12,"covered":9,"skipped":0,"pct":75}}
,"/Users/mpijittum/src/bigbears/bearmaster-project/bearmaster-client-js/src/strategy/HostnameStrategy.ts": {"lines":{"total":10,"covered":10,"skipped":0,"pct":100},"functions":{"total":3,"covered":3,"skipped":0,"pct":100},"statements":{"total":12,"covered":12,"skipped":0,"pct":100},"branches":{"total":7,"covered":6,"skipped":0,"pct":85.71}}
,"/Users/mpijittum/src/bigbears/bearmaster-project/bearmaster-client-js/src/strategy/RemoteAddressStrategy.ts": {"lines":{"total":18,"covered":18,"skipped":0,"pct":100},"functions":{"total":3,"covered":3,"skipped":0,"pct":100},"statements":{"total":23,"covered":23,"skipped":0,"pct":100},"branches":{"total":22,"covered":18,"skipped":0,"pct":81.82}}
,"/Users/mpijittum/src/bigbears/bearmaster-project/bearmaster-client-js/src/strategy/Strategy.ts": {"lines":{"total":26,"covered":15,"skipped":0,"pct":57.69},"functions":{"total":10,"covered":5,"skipped":0,"pct":50},"statements":{"total":31,"covered":18,"skipped":0,"pct":58.06},"branches":{"total":18,"covered":7,"skipped":0,"pct":38.89}}
,"/Users/mpijittum/src/bigbears/bearmaster-project/bearmaster-client-js/src/strategy/UserWithIdStrategy.ts": {"lines":{"total":7,"covered":7,"skipped":0,"pct":100},"functions":{"total":3,"covered":3,"skipped":0,"pct":100},"statements":{"total":9,"covered":9,"skipped":0,"pct":100},"branches":{"total":2,"covered":2,"skipped":0,"pct":100}}
}
