{"/Users/mpijittum/src/bigbears/bearmaster-project/bearmaster-client-js/src/enums.ts": {"path":"/Users/mpijittum/src/bigbears/bearmaster-project/bearmaster-client-js/src/enums.ts","statementMap":{"0":{"start":{"line":1,"column":0},"end":{"line":1,"column":null}},"1":{"start":{"line":2,"column":4},"end":{"line":2,"column":null}},"2":{"start":{"line":3,"column":4},"end":{"line":3,"column":null}},"3":{"start":{"line":6,"column":0},"end":{"line":6,"column":null}},"4":{"start":{"line":7,"column":4},"end":{"line":7,"column":null}},"5":{"start":{"line":10,"column":0},"end":{"line":10,"column":null}},"6":{"start":{"line":11,"column":4},"end":{"line":11,"column":null}},"7":{"start":{"line":12,"column":4},"end":{"line":12,"column":null}},"8":{"start":{"line":13,"column":4},"end":{"line":13,"column":null}}},"fnMap":{"0":{"name":"(anonymous_0)","decl":{"start":{"line":1,"column":0},"end":{"line":1,"column":12}},"loc":{"start":{"line":1,"column":20},"end":{"line":4,"column":1}}},"1":{"name":"(anonymous_1)","decl":{"start":{"line":6,"column":0},"end":{"line":6,"column":12}},"loc":{"start":{"line":6,"column":21},"end":{"line":8,"column":1}}},"2":{"name":"(anonymous_2)","decl":{"start":{"line":10,"column":0},"end":{"line":10,"column":12}},"loc":{"start":{"line":10,"column":30},"end":{"line":14,"column":1}}}},"branchMap":{"0":{"loc":{"start":{"line":1,"column":12},"end":{"line":1,"column":20}},"type":"binary-expr","locations":[{"start":{"line":1,"column":12},"end":{"line":1,"column":20}},{"start":{"line":1,"column":12},"end":{"line":1,"column":null}}]},"1":{"loc":{"start":{"line":6,"column":12},"end":{"line":6,"column":21}},"type":"binary-expr","locations":[{"start":{"line":6,"column":12},"end":{"line":6,"column":21}},{"start":{"line":6,"column":12},"end":{"line":6,"column":null}}]},"2":{"loc":{"start":{"line":10,"column":12},"end":{"line":10,"column":30}},"type":"binary-expr","locations":[{"start":{"line":10,"column":12},"end":{"line":10,"column":30}},{"start":{"line":10,"column":12},"end":{"line":10,"column":null}}]}},"s":{"0":8,"1":8,"2":8,"3":8,"4":8,"5":8,"6":8,"7":8,"8":8},"f":{"0":8,"1":8,"2":8},"b":{"0":[8,8],"1":[8,8],"2":[8,8]}}
,"/Users/mpijittum/src/bigbears/bearmaster-project/bearmaster-client-js/src/repository.ts": {"path":"/Users/mpijittum/src/bigbears/bearmaster-project/bearmaster-client-js/src/repository.ts","statementMap":{"0":{"start":{"line":1,"column":0},"end":{"line":1,"column":38}},"1":{"start":{"line":2,"column":0},"end":{"line":2,"column":36}},"2":{"start":{"line":4,"column":0},"end":{"line":4,"column":30}},"3":{"start":{"line":5,"column":0},"end":{"line":5,"column":32}},"4":{"start":{"line":28,"column":0},"end":{"line":28,"column":null}},"5":{"start":{"line":28,"column":40},"end":{"line":28,"column":52}},"6":{"start":{"line":42,"column":8},"end":{"line":42,"column":18}},"7":{"start":{"line":43,"column":8},"end":{"line":43,"column":11}},"8":{"start":{"line":44,"column":8},"end":{"line":44,"column":15}},"9":{"start":{"line":45,"column":8},"end":{"line":45,"column":18}},"10":{"start":{"line":46,"column":8},"end":{"line":46,"column":23}},"11":{"start":{"line":47,"column":8},"end":{"line":47,"column":29}},"12":{"start":{"line":48,"column":8},"end":{"line":48,"column":15}},"13":{"start":{"line":49,"column":8},"end":{"line":49,"column":15}},"14":{"start":{"line":50,"column":8},"end":{"line":50,"column":29}},"15":{"start":{"line":52,"column":8},"end":{"line":52,"column":null}},"16":{"start":{"line":39,"column":12},"end":{"line":39,"column":28}},"17":{"start":{"line":53,"column":8},"end":{"line":53,"column":23}},"18":{"start":{"line":54,"column":8},"end":{"line":54,"column":47}},"19":{"start":{"line":55,"column":8},"end":{"line":55,"column":37}},"20":{"start":{"line":56,"column":8},"end":{"line":56,"column":31}},"21":{"start":{"line":57,"column":8},"end":{"line":57,"column":31}},"22":{"start":{"line":58,"column":8},"end":{"line":58,"column":31}},"23":{"start":{"line":59,"column":8},"end":{"line":59,"column":59}},"24":{"start":{"line":61,"column":8},"end":{"line":61,"column":64}},"25":{"start":{"line":62,"column":8},"end":{"line":62,"column":65}},"26":{"start":{"line":62,"column":40},"end":{"line":62,"column":64}},"27":{"start":{"line":63,"column":8},"end":{"line":63,"column":59}},"28":{"start":{"line":63,"column":39},"end":{"line":63,"column":58}},"29":{"start":{"line":65,"column":8},"end":{"line":65,"column":45}},"30":{"start":{"line":65,"column":31},"end":{"line":65,"column":44}},"31":{"start":{"line":68,"column":4},"end":{"line":75,"column":null}},"32":{"start":{"line":68,"column":4},"end":{"line":68,"column":14}},"33":{"start":{"line":69,"column":8},"end":{"line":74,"column":null}},"34":{"start":{"line":70,"column":12},"end":{"line":70,"column":78}},"35":{"start":{"line":70,"column":42},"end":{"line":70,"column":56}},"36":{"start":{"line":71,"column":12},"end":{"line":73,"column":null}},"37":{"start":{"line":72,"column":16},"end":{"line":72,"column":35}},"38":{"start":{"line":77,"column":4},"end":{"line":97,"column":null}},"39":{"start":{"line":78,"column":33},"end":{"line":78,"column":35}},"40":{"start":{"line":79,"column":8},"end":{"line":83,"column":null}},"41":{"start":{"line":80,"column":12},"end":{"line":82,"column":14}},"42":{"start":{"line":85,"column":8},"end":{"line":87,"column":null}},"43":{"start":{"line":86,"column":12},"end":{"line":86,"column":99}},"44":{"start":{"line":89,"column":8},"end":{"line":91,"column":null}},"45":{"start":{"line":90,"column":12},"end":{"line":90,"column":99}},"46":{"start":{"line":93,"column":8},"end":{"line":96,"column":null}},"47":{"start":{"line":94,"column":24},"end":{"line":94,"column":52}},"48":{"start":{"line":95,"column":12},"end":{"line":95,"column":36}},"49":{"start":{"line":99,"column":10},"end":{"line":158,"column":null}},"50":{"start":{"line":100,"column":8},"end":{"line":102,"column":null}},"51":{"start":{"line":101,"column":12},"end":{"line":101,"column":19}},"52":{"start":{"line":103,"column":14},"end":{"line":103,"column":59}},"53":{"start":{"line":105,"column":24},"end":{"line":105,"column":28}},"54":{"start":{"line":106,"column":14},"end":{"line":106,"column":null}},"55":{"start":{"line":107,"column":14},"end":{"line":107,"column":null}},"56":{"start":{"line":105,"column":14},"end":{"line":107,"column":null}},"57":{"start":{"line":109,"column":8},"end":{"line":157,"column":10}},"58":{"start":{"line":120,"column":16},"end":{"line":120,"column":34}},"59":{"start":{"line":122,"column":16},"end":{"line":124,"column":null}},"60":{"start":{"line":123,"column":20},"end":{"line":123,"column":53}},"61":{"start":{"line":126,"column":16},"end":{"line":129,"column":null}},"62":{"start":{"line":128,"column":20},"end":{"line":128,"column":27}},"63":{"start":{"line":131,"column":16},"end":{"line":136,"column":null}},"64":{"start":{"line":132,"column":20},"end":{"line":135,"column":22}},"65":{"start":{"line":138,"column":16},"end":{"line":155,"column":null}},"66":{"start":{"line":139,"column":38},"end":{"line":139,"column":54}},"67":{"start":{"line":140,"column":32},"end":{"line":146,"column":null}},"68":{"start":{"line":142,"column":28},"end":{"line":142,"column":58}},"69":{"start":{"line":143,"column":28},"end":{"line":143,"column":54}},"70":{"start":{"line":144,"column":28},"end":{"line":144,"column":37}},"71":{"start":{"line":148,"column":20},"end":{"line":148,"column":44}},"72":{"start":{"line":149,"column":20},"end":{"line":151,"column":43}},"73":{"start":{"line":152,"column":20},"end":{"line":152,"column":38}},"74":{"start":{"line":154,"column":20},"end":{"line":154,"column":44}},"75":{"start":{"line":160,"column":4},"end":{"line":167,"column":null}},"76":{"start":{"line":161,"column":8},"end":{"line":161,"column":28}},"77":{"start":{"line":162,"column":8},"end":{"line":164,"column":null}},"78":{"start":{"line":163,"column":12},"end":{"line":163,"column":37}},"79":{"start":{"line":165,"column":8},"end":{"line":165,"column":34}},"80":{"start":{"line":166,"column":8},"end":{"line":166,"column":42}},"81":{"start":{"line":169,"column":4},"end":{"line":171,"column":null}},"82":{"start":{"line":170,"column":8},"end":{"line":170,"column":38}},"83":{"start":{"line":173,"column":4},"end":{"line":176,"column":null}},"84":{"start":{"line":174,"column":24},"end":{"line":174,"column":45}},"85":{"start":{"line":175,"column":8},"end":{"line":175,"column":61}},"86":{"start":{"line":175,"column":47},"end":{"line":175,"column":60}},"87":{"start":{"line":177,"column":0},"end":{"line":177,"column":null}}},"fnMap":{"0":{"name":"(anonymous_19)","decl":{"start":{"line":28,"column":0},"end":{"line":28,"column":40}},"loc":{"start":{"line":28,"column":0},"end":{"line":177,"column":null}}},"1":{"name":"Repository","decl":{"start":{"line":41,"column":4},"end":{"line":41,"column":16}},"loc":{"start":{"line":51,"column":24},"end":{"line":66,"column":5}}},"2":{"name":"(anonymous_21)","decl":{"start":{"line":62,"column":33},"end":{"line":62,"column":36}},"loc":{"start":{"line":62,"column":36},"end":{"line":62,"column":44}}},"3":{"name":"(anonymous_22)","decl":{"start":{"line":63,"column":33},"end":{"line":63,"column":39}},"loc":{"start":{"line":63,"column":33},"end":{"line":63,"column":43}}},"4":{"name":"(anonymous_23)","decl":{"start":{"line":65,"column":25},"end":{"line":65,"column":31}},"loc":{"start":{"line":65,"column":25},"end":{"line":65,"column":35}}},"5":{"name":"(anonymous_24)","decl":{"start":{"line":68,"column":4},"end":{"line":68,"column":14}},"loc":{"start":{"line":68,"column":4},"end":{"line":75,"column":5}}},"6":{"name":"(anonymous_25)","decl":{"start":{"line":70,"column":36},"end":{"line":70,"column":42}},"loc":{"start":{"line":70,"column":36},"end":{"line":70,"column":46}}},"7":{"name":"(anonymous_26)","decl":{"start":{"line":77,"column":4},"end":{"line":77,"column":19}},"loc":{"start":{"line":77,"column":40},"end":{"line":97,"column":5}}},"8":{"name":"(anonymous_27)","decl":{"start":{"line":99,"column":4},"end":{"line":99,"column":10}},"loc":{"start":{"line":99,"column":4},"end":{"line":158,"column":null}}},"9":{"name":"(anonymous_30)","decl":{"start":{"line":118,"column":12},"end":{"line":118,"column":13}},"loc":{"start":{"line":118,"column":61},"end":{"line":156,"column":13}}},"10":{"name":"(anonymous_31)","decl":{"start":{"line":141,"column":24},"end":{"line":141,"column":25}},"loc":{"start":{"line":141,"column":78},"end":{"line":145,"column":25}}},"11":{"name":"(anonymous_32)","decl":{"start":{"line":160,"column":4},"end":{"line":160,"column":8}},"loc":{"start":{"line":160,"column":4},"end":{"line":167,"column":5}}},"12":{"name":"(anonymous_33)","decl":{"start":{"line":169,"column":4},"end":{"line":169,"column":13}},"loc":{"start":{"line":169,"column":26},"end":{"line":171,"column":5}}},"13":{"name":"(anonymous_34)","decl":{"start":{"line":173,"column":4},"end":{"line":173,"column":14}},"loc":{"start":{"line":173,"column":4},"end":{"line":176,"column":5}}},"14":{"name":"(anonymous_35)","decl":{"start":{"line":175,"column":40},"end":{"line":175,"column":43}},"loc":{"start":{"line":175,"column":43},"end":{"line":175,"column":54}}}},"branchMap":{"0":{"loc":{"start":{"line":47,"column":8},"end":{"line":47,"column":29}},"type":"cond-expr","locations":[{"start":{"line":47,"column":8},"end":{"line":47,"column":29}},{"start":{"line":47,"column":8},"end":{"line":47,"column":29}}]},"1":{"loc":{"start":{"line":52,"column":8},"end":{"line":52,"column":15}},"type":"binary-expr","locations":[{"start":{"line":52,"column":8},"end":{"line":52,"column":15}},{"start":{"line":52,"column":15},"end":{"line":52,"column":null}}]},"2":{"loc":{"start":{"line":69,"column":8},"end":{"line":74,"column":null}},"type":"if","locations":[{"start":{"line":69,"column":8},"end":{"line":74,"column":null}},{"start":{"line":69,"column":8},"end":{"line":74,"column":null}}]},"3":{"loc":{"start":{"line":69,"column":12},"end":{"line":69,"column":40}},"type":"binary-expr","locations":[{"start":{"line":69,"column":12},"end":{"line":69,"column":40}},{"start":{"line":69,"column":44},"end":{"line":69,"column":68}}]},"4":{"loc":{"start":{"line":71,"column":12},"end":{"line":73,"column":null}},"type":"if","locations":[{"start":{"line":71,"column":12},"end":{"line":73,"column":null}},{"start":{"line":71,"column":12},"end":{"line":73,"column":null}}]},"5":{"loc":{"start":{"line":79,"column":8},"end":{"line":83,"column":null}},"type":"if","locations":[{"start":{"line":79,"column":8},"end":{"line":83,"column":null}},{"start":{"line":79,"column":8},"end":{"line":83,"column":null}}]},"6":{"loc":{"start":{"line":85,"column":8},"end":{"line":87,"column":null}},"type":"if","locations":[{"start":{"line":85,"column":8},"end":{"line":87,"column":null}},{"start":{"line":85,"column":8},"end":{"line":87,"column":null}}]},"7":{"loc":{"start":{"line":85,"column":12},"end":{"line":85,"column":28}},"type":"binary-expr","locations":[{"start":{"line":85,"column":12},"end":{"line":85,"column":28}},{"start":{"line":85,"column":32},"end":{"line":85,"column":64}}]},"8":{"loc":{"start":{"line":89,"column":8},"end":{"line":91,"column":null}},"type":"if","locations":[{"start":{"line":89,"column":8},"end":{"line":91,"column":null}},{"start":{"line":89,"column":8},"end":{"line":91,"column":null}}]},"9":{"loc":{"start":{"line":93,"column":8},"end":{"line":96,"column":null}},"type":"if","locations":[{"start":{"line":93,"column":8},"end":{"line":96,"column":null}},{"start":{"line":93,"column":8},"end":{"line":96,"column":null}}]},"10":{"loc":{"start":{"line":100,"column":8},"end":{"line":102,"column":null}},"type":"if","locations":[{"start":{"line":100,"column":8},"end":{"line":102,"column":null}},{"start":{"line":100,"column":8},"end":{"line":102,"column":null}}]},"11":{"loc":{"start":{"line":105,"column":24},"end":{"line":105,"column":28}},"type":"if","locations":[{"start":{"line":105,"column":24},"end":{"line":105,"column":28}},{"start":{"line":105,"column":24},"end":{"line":105,"column":28}}]},"12":{"loc":{"start":{"line":122,"column":16},"end":{"line":124,"column":null}},"type":"if","locations":[{"start":{"line":122,"column":16},"end":{"line":124,"column":null}},{"start":{"line":122,"column":16},"end":{"line":124,"column":null}}]},"13":{"loc":{"start":{"line":126,"column":16},"end":{"line":129,"column":null}},"type":"if","locations":[{"start":{"line":126,"column":16},"end":{"line":129,"column":null}},{"start":{"line":126,"column":16},"end":{"line":129,"column":null}}]},"14":{"loc":{"start":{"line":131,"column":16},"end":{"line":136,"column":null}},"type":"if","locations":[{"start":{"line":131,"column":16},"end":{"line":136,"column":null}},{"start":{"line":131,"column":16},"end":{"line":136,"column":null}}]},"15":{"loc":{"start":{"line":131,"column":22},"end":{"line":131,"column":43}},"type":"binary-expr","locations":[{"start":{"line":131,"column":22},"end":{"line":131,"column":43}},{"start":{"line":131,"column":47},"end":{"line":131,"column":67}}]},"16":{"loc":{"start":{"line":150,"column":26},"end":{"line":150,"column":52}},"type":"cond-expr","locations":[{"start":{"line":150,"column":26},"end":{"line":150,"column":52}},{"start":{"line":151,"column":26},"end":{"line":151,"column":42}}]},"17":{"loc":{"start":{"line":162,"column":8},"end":{"line":164,"column":null}},"type":"if","locations":[{"start":{"line":162,"column":8},"end":{"line":164,"column":null}},{"start":{"line":162,"column":8},"end":{"line":164,"column":null}}]}},"s":{"0":1,"1":1,"2":1,"3":1,"4":1,"5":1,"6":1,"7":1,"8":1,"9":1,"10":1,"11":2,"12":1,"13":1,"14":1,"15":1,"16":1,"17":1,"18":1,"19":1,"20":1,"21":1,"22":1,"23":1,"24":1,"25":1,"26":0,"27":1,"28":0,"29":1,"30":0,"31":1,"32":0,"33":0,"34":0,"35":0,"36":0,"37":0,"38":1,"39":0,"40":0,"41":0,"42":0,"43":0,"44":0,"45":0,"46":0,"47":0,"48":0,"49":1,"50":0,"51":0,"52":0,"53":0,"54":0,"55":0,"56":0,"57":0,"58":0,"59":0,"60":0,"61":0,"62":0,"63":0,"64":0,"65":0,"66":0,"67":0,"68":0,"69":0,"70":0,"71":0,"72":0,"73":0,"74":0,"75":1,"76":0,"77":0,"78":0,"79":0,"80":0,"81":1,"82":0,"83":1,"84":0,"85":0,"86":0,"87":1},"f":{"0":1,"1":1,"2":0,"3":0,"4":0,"5":0,"6":0,"7":0,"8":0,"9":0,"10":0,"11":0,"12":0,"13":0,"14":0},"b":{"0":[0,1],"1":[1,1],"2":[0,0],"3":[0,0],"4":[0,0],"5":[0,0],"6":[0,0],"7":[0,0],"8":[0,0],"9":[0,0],"10":[0,0],"11":[0,0],"12":[0,0],"13":[0,0],"14":[0,0],"15":[0,0],"16":[0,0],"17":[0,0]}}
,"/Users/mpijittum/src/bigbears/bearmaster-project/bearmaster-client-js/src/request.ts": {"path":"/Users/mpijittum/src/bigbears/bearmaster-project/bearmaster-client-js/src/request.ts","statementMap":{"0":{"start":{"line":1,"column":0},"end":{"line":1,"column":35}},"1":{"start":{"line":27,"column":13},"end":{"line":45,"column":2}},"2":{"start":{"line":28,"column":6},"end":{"line":28,"column":9}},"3":{"start":{"line":28,"column":11},"end":{"line":28,"column":18}},"4":{"start":{"line":28,"column":20},"end":{"line":28,"column":27}},"5":{"start":{"line":28,"column":29},"end":{"line":28,"column":39}},"6":{"start":{"line":28,"column":41},"end":{"line":28,"column":48}},"7":{"start":{"line":28,"column":50},"end":{"line":28,"column":54}},"8":{"start":{"line":31,"column":20},"end":{"line":43,"column":6}},"9":{"start":{"line":44,"column":4},"end":{"line":44,"column":37}},"10":{"start":{"line":47,"column":13},"end":{"line":67,"column":2}},"11":{"start":{"line":48,"column":6},"end":{"line":48,"column":9}},"12":{"start":{"line":48,"column":11},"end":{"line":48,"column":15}},"13":{"start":{"line":48,"column":17},"end":{"line":48,"column":24}},"14":{"start":{"line":48,"column":26},"end":{"line":48,"column":33}},"15":{"start":{"line":48,"column":35},"end":{"line":48,"column":45}},"16":{"start":{"line":48,"column":47},"end":{"line":48,"column":54}},"17":{"start":{"line":51,"column":20},"end":{"line":62,"column":6}},"18":{"start":{"line":63,"column":4},"end":{"line":65,"column":null}},"19":{"start":{"line":64,"column":8},"end":{"line":64,"column":48}},"20":{"start":{"line":66,"column":4},"end":{"line":66,"column":36}}},"fnMap":{"0":{"name":"(anonymous_0)","decl":{"start":{"line":27,"column":20},"end":{"line":27,"column":null}},"loc":{"start":{"line":29,"column":31},"end":{"line":45,"column":1}}},"1":{"name":"(anonymous_1)","decl":{"start":{"line":47,"column":19},"end":{"line":47,"column":null}},"loc":{"start":{"line":49,"column":31},"end":{"line":67,"column":1}}}},"branchMap":{"0":{"loc":{"start":{"line":33,"column":17},"end":{"line":33,"column":24}},"type":"binary-expr","locations":[{"start":{"line":33,"column":17},"end":{"line":33,"column":24}},{"start":{"line":33,"column":28},"end":{"line":33,"column":33}}]},"1":{"loc":{"start":{"line":53,"column":17},"end":{"line":53,"column":24}},"type":"binary-expr","locations":[{"start":{"line":53,"column":17},"end":{"line":53,"column":24}},{"start":{"line":53,"column":28},"end":{"line":53,"column":33}}]},"2":{"loc":{"start":{"line":63,"column":4},"end":{"line":65,"column":null}},"type":"if","locations":[{"start":{"line":63,"column":4},"end":{"line":65,"column":null}},{"start":{"line":63,"column":4},"end":{"line":65,"column":null}}]}},"s":{"0":1,"1":1,"2":0,"3":0,"4":0,"5":0,"6":0,"7":0,"8":0,"9":0,"10":1,"11":0,"12":0,"13":0,"14":0,"15":0,"16":0,"17":0,"18":0,"19":0,"20":0},"f":{"0":0,"1":0},"b":{"0":[0,0],"1":[0,0],"2":[0,0]}}
,"/Users/mpijittum/src/bigbears/bearmaster-project/bearmaster-client-js/src/storage.ts": {"path":"/Users/mpijittum/src/bigbears/bearmaster-project/bearmaster-client-js/src/storage.ts","statementMap":{"0":{"start":{"line":1,"column":0},"end":{"line":1,"column":38}},"1":{"start":{"line":2,"column":0},"end":{"line":2,"column":28}},"2":{"start":{"line":3,"column":0},"end":{"line":3,"column":41}},"3":{"start":{"line":10,"column":0},"end":{"line":10,"column":null}},"4":{"start":{"line":10,"column":29},"end":{"line":10,"column":41}},"5":{"start":{"line":18,"column":18},"end":{"line":18,"column":28}},"6":{"start":{"line":18,"column":30},"end":{"line":18,"column":37}},"7":{"start":{"line":19,"column":8},"end":{"line":19,"column":null}},"8":{"start":{"line":16,"column":12},"end":{"line":16,"column":58}},"9":{"start":{"line":20,"column":8},"end":{"line":20,"column":27}},"10":{"start":{"line":21,"column":8},"end":{"line":21,"column":23}},"11":{"start":{"line":22,"column":8},"end":{"line":22,"column":97}},"12":{"start":{"line":23,"column":8},"end":{"line":23,"column":20}},"13":{"start":{"line":26,"column":4},"end":{"line":28,"column":null}},"14":{"start":{"line":26,"column":16},"end":{"line":26,"column":null}},"15":{"start":{"line":27,"column":8},"end":{"line":27,"column":43}},"16":{"start":{"line":30,"column":4},"end":{"line":42,"column":null}},"17":{"start":{"line":30,"column":4},"end":{"line":30,"column":9}},"18":{"start":{"line":30,"column":21},"end":{"line":30,"column":null}},"19":{"start":{"line":31,"column":28},"end":{"line":31,"column":48}},"20":{"start":{"line":32,"column":8},"end":{"line":32,"column":26}},"21":{"start":{"line":33,"column":8},"end":{"line":33,"column":25}},"22":{"start":{"line":34,"column":8},"end":{"line":41,"column":11}},"23":{"start":{"line":35,"column":12},"end":{"line":37,"column":null}},"24":{"start":{"line":36,"column":16},"end":{"line":36,"column":35}},"25":{"start":{"line":38,"column":12},"end":{"line":40,"column":null}},"26":{"start":{"line":39,"column":16},"end":{"line":39,"column":31}},"27":{"start":{"line":44,"column":4},"end":{"line":46,"column":null}},"28":{"start":{"line":45,"column":8},"end":{"line":45,"column":30}},"29":{"start":{"line":48,"column":4},"end":{"line":50,"column":null}},"30":{"start":{"line":49,"column":8},"end":{"line":49,"column":25}},"31":{"start":{"line":52,"column":4},"end":{"line":59,"column":null}},"32":{"start":{"line":52,"column":4},"end":{"line":52,"column":11}},"33":{"start":{"line":53,"column":8},"end":{"line":58,"column":11}},"34":{"start":{"line":54,"column":12},"end":{"line":56,"column":null}},"35":{"start":{"line":55,"column":16},"end":{"line":55,"column":47}},"36":{"start":{"line":57,"column":12},"end":{"line":57,"column":41}},"37":{"start":{"line":61,"column":4},"end":{"line":81,"column":null}},"38":{"start":{"line":61,"column":4},"end":{"line":61,"column":8}},"39":{"start":{"line":62,"column":8},"end":{"line":80,"column":11}},"40":{"start":{"line":63,"column":12},"end":{"line":65,"column":null}},"41":{"start":{"line":64,"column":16},"end":{"line":64,"column":23}},"42":{"start":{"line":67,"column":12},"end":{"line":72,"column":null}},"43":{"start":{"line":68,"column":16},"end":{"line":70,"column":null}},"44":{"start":{"line":69,"column":20},"end":{"line":69,"column":44}},"45":{"start":{"line":71,"column":16},"end":{"line":71,"column":23}},"46":{"start":{"line":74,"column":12},"end":{"line":79,"column":null}},"47":{"start":{"line":75,"column":16},"end":{"line":75,"column":52}},"48":{"start":{"line":77,"column":16},"end":{"line":77,"column":97}},"49":{"start":{"line":78,"column":16},"end":{"line":78,"column":40}},"50":{"start":{"line":82,"column":0},"end":{"line":82,"column":null}},"51":{"start":{"line":10,"column":13},"end":{"line":10,"column":20}}},"fnMap":{"0":{"name":"(anonymous_6)","decl":{"start":{"line":10,"column":0},"end":{"line":10,"column":13}},"loc":{"start":{"line":10,"column":0},"end":{"line":82,"column":null}}},"1":{"name":"Storage","decl":{"start":{"line":18,"column":4},"end":{"line":18,"column":16}},"loc":{"start":{"line":18,"column":55},"end":{"line":24,"column":5}}},"2":{"name":"(anonymous_8)","decl":{"start":{"line":26,"column":4},"end":{"line":26,"column":15}},"loc":{"start":{"line":26,"column":36},"end":{"line":28,"column":5}}},"3":{"name":"(anonymous_9)","decl":{"start":{"line":30,"column":4},"end":{"line":30,"column":9}},"loc":{"start":{"line":30,"column":46},"end":{"line":42,"column":5}}},"4":{"name":"(anonymous_10)","decl":{"start":{"line":34,"column":25},"end":{"line":34,"column":null}},"loc":{"start":{"line":34,"column":25},"end":{"line":41,"column":9}}},"5":{"name":"(anonymous_11)","decl":{"start":{"line":44,"column":4},"end":{"line":44,"column":7}},"loc":{"start":{"line":44,"column":19},"end":{"line":46,"column":5}}},"6":{"name":"(anonymous_12)","decl":{"start":{"line":48,"column":4},"end":{"line":48,"column":10}},"loc":{"start":{"line":48,"column":4},"end":{"line":50,"column":5}}},"7":{"name":"(anonymous_13)","decl":{"start":{"line":52,"column":4},"end":{"line":52,"column":11}},"loc":{"start":{"line":52,"column":4},"end":{"line":59,"column":5}}},"8":{"name":"(anonymous_14)","decl":{"start":{"line":53,"column":56},"end":{"line":53,"column":59}},"loc":{"start":{"line":53,"column":59},"end":{"line":58,"column":9}}},"9":{"name":"(anonymous_15)","decl":{"start":{"line":61,"column":4},"end":{"line":61,"column":8}},"loc":{"start":{"line":61,"column":4},"end":{"line":81,"column":5}}},"10":{"name":"(anonymous_16)","decl":{"start":{"line":62,"column":36},"end":{"line":62,"column":37}},"loc":{"start":{"line":62,"column":54},"end":{"line":80,"column":9}}}},"branchMap":{"0":{"loc":{"start":{"line":19,"column":8},"end":{"line":19,"column":15}},"type":"binary-expr","locations":[{"start":{"line":19,"column":8},"end":{"line":19,"column":15}},{"start":{"line":19,"column":15},"end":{"line":19,"column":null}}]},"1":{"loc":{"start":{"line":26,"column":16},"end":{"line":26,"column":null}},"type":"if","locations":[{"start":{"line":26,"column":16},"end":{"line":26,"column":null}},{"start":{"line":26,"column":16},"end":{"line":26,"column":null}}]},"2":{"loc":{"start":{"line":30,"column":21},"end":{"line":30,"column":null}},"type":"if","locations":[{"start":{"line":30,"column":21},"end":{"line":30,"column":null}},{"start":{"line":30,"column":21},"end":{"line":30,"column":null}}]},"3":{"loc":{"start":{"line":35,"column":12},"end":{"line":37,"column":null}},"type":"if","locations":[{"start":{"line":35,"column":12},"end":{"line":37,"column":null}},{"start":{"line":35,"column":12},"end":{"line":37,"column":null}}]},"4":{"loc":{"start":{"line":38,"column":12},"end":{"line":40,"column":null}},"type":"if","locations":[{"start":{"line":38,"column":12},"end":{"line":40,"column":null}},{"start":{"line":38,"column":12},"end":{"line":40,"column":null}}]},"5":{"loc":{"start":{"line":54,"column":12},"end":{"line":56,"column":null}},"type":"if","locations":[{"start":{"line":54,"column":12},"end":{"line":56,"column":null}},{"start":{"line":54,"column":12},"end":{"line":56,"column":null}}]},"6":{"loc":{"start":{"line":63,"column":12},"end":{"line":65,"column":null}},"type":"if","locations":[{"start":{"line":63,"column":12},"end":{"line":65,"column":null}},{"start":{"line":63,"column":12},"end":{"line":65,"column":null}}]},"7":{"loc":{"start":{"line":67,"column":12},"end":{"line":72,"column":null}},"type":"if","locations":[{"start":{"line":67,"column":12},"end":{"line":72,"column":null}},{"start":{"line":67,"column":12},"end":{"line":72,"column":null}}]},"8":{"loc":{"start":{"line":68,"column":16},"end":{"line":70,"column":null}},"type":"if","locations":[{"start":{"line":68,"column":16},"end":{"line":70,"column":null}},{"start":{"line":68,"column":16},"end":{"line":70,"column":null}}]}},"s":{"0":2,"1":2,"2":2,"3":2,"4":2,"5":13,"6":13,"7":13,"8":13,"9":13,"10":13,"11":13,"12":13,"13":2,"14":12,"15":12,"16":2,"17":12,"18":22,"19":12,"20":12,"21":12,"22":12,"23":12,"24":11,"25":12,"26":10,"27":2,"28":16,"29":2,"30":2,"31":2,"32":10,"33":10,"34":10,"35":1,"36":9,"37":2,"38":12,"39":12,"40":12,"41":9,"42":3,"43":1,"44":0,"45":1,"46":2,"47":2,"48":0,"49":0,"50":2,"51":2},"f":{"0":2,"1":13,"2":12,"3":12,"4":12,"5":16,"6":2,"7":10,"8":10,"9":12,"10":12},"b":{"0":[13,13],"1":[0,12],"2":[10,2],"3":[11,1],"4":[10,2],"5":[1,9],"6":[9,3],"7":[1,2],"8":[0,1]}}
,"/Users/mpijittum/src/bigbears/bearmaster-project/bearmaster-client-js/src/utils.ts": {"path":"/Users/mpijittum/src/bigbears/bearmaster-project/bearmaster-client-js/src/utils.ts","statementMap":{"0":{"start":{"line":1,"column":0},"end":{"line":1,"column":45}},"1":{"start":{"line":3,"column":61},"end":{"line":3,"column":null}},"2":{"start":{"line":4,"column":4},"end":{"line":4,"column":73}},"3":{"start":{"line":3,"column":0},"end":{"line":3,"column":16}}},"fnMap":{"0":{"name":"normalizedValue","decl":{"start":{"line":3,"column":16},"end":{"line":3,"column":31}},"loc":{"start":{"line":3,"column":77},"end":{"line":5,"column":1}}}},"branchMap":{"0":{"loc":{"start":{"line":3,"column":61},"end":{"line":3,"column":null}},"type":"if","locations":[{"start":{"line":3,"column":61},"end":{"line":3,"column":null}},{"start":{"line":3,"column":61},"end":{"line":3,"column":null}}]}},"s":{"0":3,"1":800032,"2":400016,"3":3},"f":{"0":400016},"b":{"0":[400016,0]}}
,"/Users/mpijittum/src/bigbears/bearmaster-project/bearmaster-client-js/src/strategy/DefaultStrategy.ts": {"path":"/Users/mpijittum/src/bigbears/bearmaster-project/bearmaster-client-js/src/strategy/DefaultStrategy.ts","statementMap":{"0":{"start":{"line":1,"column":0},"end":{"line":1,"column":38}},"1":{"start":{"line":3,"column":0},"end":{"line":3,"column":null}},"2":{"start":{"line":3,"column":37},"end":{"line":3,"column":45}},"3":{"start":{"line":5,"column":8},"end":{"line":5,"column":null}},"4":{"start":{"line":8,"column":4},"end":{"line":10,"column":null}},"5":{"start":{"line":9,"column":8},"end":{"line":9,"column":20}},"6":{"start":{"line":11,"column":0},"end":{"line":11,"column":null}},"7":{"start":{"line":3,"column":13},"end":{"line":3,"column":28}}},"fnMap":{"0":{"name":"(anonymous_6)","decl":{"start":{"line":3,"column":0},"end":{"line":3,"column":13}},"loc":{"start":{"line":3,"column":0},"end":{"line":11,"column":null}}},"1":{"name":"DefaultStrategy","decl":{"start":{"line":4,"column":4},"end":{"line":4,"column":null}},"loc":{"start":{"line":4,"column":4},"end":{"line":6,"column":5}}},"2":{"name":"(anonymous_8)","decl":{"start":{"line":8,"column":4},"end":{"line":8,"column":13}},"loc":{"start":{"line":8,"column":4},"end":{"line":10,"column":5}}}},"branchMap":{"0":{"loc":{"start":{"line":5,"column":8},"end":{"line":5,"column":24}},"type":"binary-expr","locations":[{"start":{"line":5,"column":8},"end":{"line":5,"column":24}},{"start":{"line":5,"column":24},"end":{"line":5,"column":null}}]}},"s":{"0":1,"1":1,"2":1,"3":2,"4":1,"5":1,"6":1,"7":1},"f":{"0":1,"1":2,"2":1},"b":{"0":[2,2]}}
,"/Users/mpijittum/src/bigbears/bearmaster-project/bearmaster-client-js/src/strategy/FlexibleRolloutStrategy.ts": {"path":"/Users/mpijittum/src/bigbears/bearmaster-project/bearmaster-client-js/src/strategy/FlexibleRolloutStrategy.ts","statementMap":{"0":{"start":{"line":1,"column":0},"end":{"line":1,"column":38}},"1":{"start":{"line":2,"column":0},"end":{"line":2,"column":43}},"2":{"start":{"line":5,"column":19},"end":{"line":10,"column":2}},"3":{"start":{"line":12,"column":0},"end":{"line":12,"column":null}},"4":{"start":{"line":12,"column":45},"end":{"line":12,"column":53}},"5":{"start":{"line":16,"column":8},"end":{"line":16,"column":null}},"6":{"start":{"line":13,"column":12},"end":{"line":13,"column":87}},"7":{"start":{"line":13,"column":46},"end":{"line":13,"column":87}},"8":{"start":{"line":17,"column":8},"end":{"line":19,"column":null}},"9":{"start":{"line":18,"column":12},"end":{"line":18,"column":51}},"10":{"start":{"line":22,"column":4},"end":{"line":33,"column":null}},"11":{"start":{"line":23,"column":8},"end":{"line":32,"column":null}},"12":{"start":{"line":25,"column":16},"end":{"line":25,"column":39}},"13":{"start":{"line":27,"column":16},"end":{"line":27,"column":42}},"14":{"start":{"line":29,"column":16},"end":{"line":29,"column":46}},"15":{"start":{"line":31,"column":16},"end":{"line":31,"column":87}},"16":{"start":{"line":35,"column":4},"end":{"line":47,"column":null}},"17":{"start":{"line":36,"column":24},"end":{"line":36,"column":74}},"18":{"start":{"line":37,"column":27},"end":{"line":37,"column":53}},"19":{"start":{"line":38,"column":27},"end":{"line":38,"column":70}},"20":{"start":{"line":39,"column":29},"end":{"line":39,"column":72}},"21":{"start":{"line":41,"column":8},"end":{"line":46,"column":null}},"22":{"start":{"line":42,"column":12},"end":{"line":42,"column":25}},"23":{"start":{"line":44,"column":37},"end":{"line":44,"column":75}},"24":{"start":{"line":45,"column":12},"end":{"line":45,"column":68}},"25":{"start":{"line":48,"column":0},"end":{"line":48,"column":null}},"26":{"start":{"line":12,"column":13},"end":{"line":12,"column":36}}},"fnMap":{"0":{"name":"(anonymous_6)","decl":{"start":{"line":12,"column":0},"end":{"line":12,"column":13}},"loc":{"start":{"line":12,"column":0},"end":{"line":48,"column":null}}},"1":{"name":"FlexibleRolloutStrategy","decl":{"start":{"line":15,"column":4},"end":{"line":15,"column":16}},"loc":{"start":{"line":15,"column":42},"end":{"line":20,"column":5}}},"2":{"name":"(anonymous_8)","decl":{"start":{"line":13,"column":40},"end":{"line":13,"column":46}},"loc":{"start":{"line":13,"column":40},"end":{"line":13,"column":50}}},"3":{"name":"(anonymous_9)","decl":{"start":{"line":22,"column":4},"end":{"line":22,"column":21}},"loc":{"start":{"line":22,"column":70},"end":{"line":33,"column":5}}},"4":{"name":"(anonymous_10)","decl":{"start":{"line":35,"column":4},"end":{"line":35,"column":13}},"loc":{"start":{"line":35,"column":59},"end":{"line":47,"column":5}}}},"branchMap":{"0":{"loc":{"start":{"line":16,"column":8},"end":{"line":16,"column":32}},"type":"binary-expr","locations":[{"start":{"line":16,"column":8},"end":{"line":16,"column":32}},{"start":{"line":16,"column":32},"end":{"line":16,"column":null}}]},"1":{"loc":{"start":{"line":17,"column":8},"end":{"line":19,"column":null}},"type":"if","locations":[{"start":{"line":17,"column":8},"end":{"line":19,"column":null}},{"start":{"line":17,"column":8},"end":{"line":19,"column":null}}]},"2":{"loc":{"start":{"line":24,"column":12},"end":{"line":25,"column":39}},"type":"switch","locations":[{"start":{"line":24,"column":12},"end":{"line":25,"column":39}},{"start":{"line":26,"column":12},"end":{"line":27,"column":42}},{"start":{"line":28,"column":12},"end":{"line":29,"column":46}},{"start":{"line":30,"column":12},"end":{"line":31,"column":87}}]},"3":{"loc":{"start":{"line":25,"column":30},"end":{"line":25,"column":32}},"type":"cond-expr","locations":[{"start":{"line":25,"column":30},"end":{"line":25,"column":32}},{"start":{"line":25,"column":30},"end":{"line":25,"column":38}}]},"4":{"loc":{"start":{"line":25,"column":16},"end":{"line":25,"column":32}},"type":"binary-expr","locations":[{"start":{"line":25,"column":16},"end":{"line":25,"column":32}},{"start":{"line":25,"column":30},"end":{"line":25,"column":32}}]},"5":{"loc":{"start":{"line":27,"column":30},"end":{"line":27,"column":32}},"type":"cond-expr","locations":[{"start":{"line":27,"column":30},"end":{"line":27,"column":32}},{"start":{"line":27,"column":30},"end":{"line":27,"column":41}}]},"6":{"loc":{"start":{"line":27,"column":16},"end":{"line":27,"column":32}},"type":"binary-expr","locations":[{"start":{"line":27,"column":16},"end":{"line":27,"column":32}},{"start":{"line":27,"column":30},"end":{"line":27,"column":32}}]},"7":{"loc":{"start":{"line":31,"column":23},"end":{"line":31,"column":38}},"type":"binary-expr","locations":[{"start":{"line":31,"column":23},"end":{"line":31,"column":38}},{"start":{"line":31,"column":38},"end":{"line":31,"column":60}},{"start":{"line":31,"column":64},"end":{"line":31,"column":86}}]},"8":{"loc":{"start":{"line":31,"column":30},"end":{"line":31,"column":32}},"type":"cond-expr","locations":[{"start":{"line":31,"column":30},"end":{"line":31,"column":32}},{"start":{"line":31,"column":30},"end":{"line":31,"column":38}}]},"9":{"loc":{"start":{"line":31,"column":23},"end":{"line":31,"column":32}},"type":"binary-expr","locations":[{"start":{"line":31,"column":23},"end":{"line":31,"column":32}},{"start":{"line":31,"column":30},"end":{"line":31,"column":32}}]},"10":{"loc":{"start":{"line":31,"column":49},"end":{"line":31,"column":51}},"type":"cond-expr","locations":[{"start":{"line":31,"column":49},"end":{"line":31,"column":51}},{"start":{"line":31,"column":49},"end":{"line":31,"column":60}}]},"11":{"loc":{"start":{"line":31,"column":38},"end":{"line":31,"column":51}},"type":"binary-expr","locations":[{"start":{"line":31,"column":38},"end":{"line":31,"column":51}},{"start":{"line":31,"column":49},"end":{"line":31,"column":51}}]},"12":{"loc":{"start":{"line":36,"column":24},"end":{"line":36,"column":42}},"type":"binary-expr","locations":[{"start":{"line":36,"column":24},"end":{"line":36,"column":42}},{"start":{"line":36,"column":42},"end":{"line":36,"column":68}},{"start":{"line":36,"column":72},"end":{"line":36,"column":74}}]},"13":{"loc":{"start":{"line":36,"column":53},"end":{"line":36,"column":55}},"type":"cond-expr","locations":[{"start":{"line":36,"column":53},"end":{"line":36,"column":55}},{"start":{"line":36,"column":53},"end":{"line":36,"column":68}}]},"14":{"loc":{"start":{"line":36,"column":42},"end":{"line":36,"column":55}},"type":"binary-expr","locations":[{"start":{"line":36,"column":42},"end":{"line":36,"column":55}},{"start":{"line":36,"column":53},"end":{"line":36,"column":55}}]},"15":{"loc":{"start":{"line":38,"column":27},"end":{"line":38,"column":48}},"type":"binary-expr","locations":[{"start":{"line":38,"column":27},"end":{"line":38,"column":48}},{"start":{"line":38,"column":52},"end":{"line":38,"column":70}}]},"16":{"loc":{"start":{"line":41,"column":8},"end":{"line":46,"column":null}},"type":"if","locations":[{"start":{"line":41,"column":8},"end":{"line":46,"column":null}},{"start":{"line":41,"column":8},"end":{"line":46,"column":null}}]},"17":{"loc":{"start":{"line":45,"column":19},"end":{"line":45,"column":33}},"type":"binary-expr","locations":[{"start":{"line":45,"column":19},"end":{"line":45,"column":33}},{"start":{"line":45,"column":37},"end":{"line":45,"column":67}}]}},"s":{"0":1,"1":1,"2":1,"3":1,"4":1,"5":6,"6":6,"7":0,"8":6,"9":1,"10":1,"11":5,"12":1,"13":0,"14":0,"15":4,"16":1,"17":5,"18":5,"19":5,"20":5,"21":5,"22":1,"23":4,"24":4,"25":1,"26":1},"f":{"0":1,"1":6,"2":0,"3":5,"4":5},"b":{"0":[6,6],"1":[1,5],"2":[1,0,0,4],"3":[0,1],"4":[1,1],"5":[0,0],"6":[0,0],"7":[4,1,1],"8":[0,4],"9":[4,4],"10":[0,1],"11":[1,1],"12":[5,0,0],"13":[0,0],"14":[0,0],"15":[5,0],"16":[1,4],"17":[4,4]}}
,"/Users/mpijittum/src/bigbears/bearmaster-project/bearmaster-client-js/src/strategy/GradualRolloutRandomStrategy.ts": {"path":"/Users/mpijittum/src/bigbears/bearmaster-project/bearmaster-client-js/src/strategy/GradualRolloutRandomStrategy.ts","statementMap":{"0":{"start":{"line":1,"column":0},"end":{"line":1,"column":38}},"1":{"start":{"line":4,"column":0},"end":{"line":4,"column":null}},"2":{"start":{"line":4,"column":50},"end":{"line":4,"column":58}},"3":{"start":{"line":8,"column":8},"end":{"line":8,"column":null}},"4":{"start":{"line":5,"column":12},"end":{"line":5,"column":82}},"5":{"start":{"line":5,"column":46},"end":{"line":5,"column":82}},"6":{"start":{"line":9,"column":8},"end":{"line":9,"column":71}},"7":{"start":{"line":12,"column":4},"end":{"line":16,"column":null}},"8":{"start":{"line":13,"column":35},"end":{"line":13,"column":64}},"9":{"start":{"line":14,"column":31},"end":{"line":14,"column":53}},"10":{"start":{"line":15,"column":8},"end":{"line":15,"column":36}},"11":{"start":{"line":17,"column":0},"end":{"line":17,"column":null}},"12":{"start":{"line":4,"column":13},"end":{"line":4,"column":41}}},"fnMap":{"0":{"name":"(anonymous_6)","decl":{"start":{"line":4,"column":0},"end":{"line":4,"column":13}},"loc":{"start":{"line":4,"column":0},"end":{"line":17,"column":null}}},"1":{"name":"GradualRolloutRandomStrategy","decl":{"start":{"line":7,"column":4},"end":{"line":7,"column":16}},"loc":{"start":{"line":7,"column":42},"end":{"line":10,"column":5}}},"2":{"name":"(anonymous_8)","decl":{"start":{"line":5,"column":40},"end":{"line":5,"column":46}},"loc":{"start":{"line":5,"column":40},"end":{"line":5,"column":50}}},"3":{"name":"(anonymous_9)","decl":{"start":{"line":12,"column":4},"end":{"line":12,"column":13}},"loc":{"start":{"line":12,"column":59},"end":{"line":16,"column":5}}}},"branchMap":{"0":{"loc":{"start":{"line":8,"column":8},"end":{"line":8,"column":37}},"type":"binary-expr","locations":[{"start":{"line":8,"column":8},"end":{"line":8,"column":37}},{"start":{"line":8,"column":37},"end":{"line":8,"column":null}}]},"1":{"loc":{"start":{"line":9,"column":31},"end":{"line":9,"column":46}},"type":"binary-expr","locations":[{"start":{"line":9,"column":31},"end":{"line":9,"column":46}},{"start":{"line":9,"column":50},"end":{"line":9,"column":70}}]}},"s":{"0":1,"1":1,"2":1,"3":8,"4":8,"5":200000,"6":8,"7":1,"8":200006,"9":200006,"10":200006,"11":1,"12":1},"f":{"0":1,"1":8,"2":200000,"3":200006},"b":{"0":[8,8],"1":[8,2]}}
,"/Users/mpijittum/src/bigbears/bearmaster-project/bearmaster-client-js/src/strategy/GradualRolloutSessionStrategy.ts": {"path":"/Users/mpijittum/src/bigbears/bearmaster-project/bearmaster-client-js/src/strategy/GradualRolloutSessionStrategy.ts","statementMap":{"0":{"start":{"line":1,"column":0},"end":{"line":1,"column":38}},"1":{"start":{"line":2,"column":0},"end":{"line":2,"column":43}},"2":{"start":{"line":5,"column":0},"end":{"line":5,"column":null}},"3":{"start":{"line":5,"column":51},"end":{"line":5,"column":59}},"4":{"start":{"line":7,"column":8},"end":{"line":7,"column":null}},"5":{"start":{"line":10,"column":4},"end":{"line":22,"column":null}},"6":{"start":{"line":11,"column":23},"end":{"line":11,"column":44}},"7":{"start":{"line":12,"column":8},"end":{"line":14,"column":null}},"8":{"start":{"line":13,"column":12},"end":{"line":13,"column":25}},"9":{"start":{"line":16,"column":27},"end":{"line":16,"column":56}},"10":{"start":{"line":17,"column":24},"end":{"line":17,"column":48}},"11":{"start":{"line":19,"column":29},"end":{"line":19,"column":64}},"12":{"start":{"line":21,"column":8},"end":{"line":21,"column":60}},"13":{"start":{"line":23,"column":0},"end":{"line":23,"column":null}},"14":{"start":{"line":5,"column":13},"end":{"line":5,"column":42}}},"fnMap":{"0":{"name":"(anonymous_6)","decl":{"start":{"line":5,"column":0},"end":{"line":5,"column":13}},"loc":{"start":{"line":5,"column":0},"end":{"line":23,"column":null}}},"1":{"name":"GradualRolloutSessionStrategy","decl":{"start":{"line":6,"column":4},"end":{"line":6,"column":null}},"loc":{"start":{"line":6,"column":4},"end":{"line":8,"column":5}}},"2":{"name":"(anonymous_8)","decl":{"start":{"line":10,"column":4},"end":{"line":10,"column":13}},"loc":{"start":{"line":10,"column":59},"end":{"line":22,"column":5}}}},"branchMap":{"0":{"loc":{"start":{"line":7,"column":8},"end":{"line":7,"column":40}},"type":"binary-expr","locations":[{"start":{"line":7,"column":8},"end":{"line":7,"column":40}},{"start":{"line":7,"column":40},"end":{"line":7,"column":null}}]},"1":{"loc":{"start":{"line":11,"column":33},"end":{"line":11,"column":35}},"type":"cond-expr","locations":[{"start":{"line":11,"column":33},"end":{"line":11,"column":35}},{"start":{"line":11,"column":33},"end":{"line":11,"column":44}}]},"2":{"loc":{"start":{"line":11,"column":23},"end":{"line":11,"column":35}},"type":"binary-expr","locations":[{"start":{"line":11,"column":23},"end":{"line":11,"column":35}},{"start":{"line":11,"column":33},"end":{"line":11,"column":35}}]},"3":{"loc":{"start":{"line":12,"column":8},"end":{"line":14,"column":null}},"type":"if","locations":[{"start":{"line":12,"column":8},"end":{"line":14,"column":null}},{"start":{"line":12,"column":8},"end":{"line":14,"column":null}}]},"4":{"loc":{"start":{"line":17,"column":24},"end":{"line":17,"column":42}},"type":"binary-expr","locations":[{"start":{"line":17,"column":24},"end":{"line":17,"column":42}},{"start":{"line":17,"column":46},"end":{"line":17,"column":48}}]},"5":{"loc":{"start":{"line":21,"column":15},"end":{"line":21,"column":29}},"type":"binary-expr","locations":[{"start":{"line":21,"column":15},"end":{"line":21,"column":29}},{"start":{"line":21,"column":33},"end":{"line":21,"column":59}}]}},"s":{"0":1,"1":1,"2":1,"3":1,"4":6,"5":1,"6":200004,"7":200004,"8":0,"9":200004,"10":200004,"11":200004,"12":200004,"13":1,"14":1},"f":{"0":1,"1":6,"2":200004},"b":{"0":[6,6],"1":[0,200004],"2":[200004,200004],"3":[0,200004],"4":[200004,0],"5":[200004,200003]}}
,"/Users/mpijittum/src/bigbears/bearmaster-project/bearmaster-client-js/src/strategy/GradualRolloutUserStrategy.ts": {"path":"/Users/mpijittum/src/bigbears/bearmaster-project/bearmaster-client-js/src/strategy/GradualRolloutUserStrategy.ts","statementMap":{"0":{"start":{"line":1,"column":0},"end":{"line":1,"column":38}},"1":{"start":{"line":2,"column":0},"end":{"line":2,"column":43}},"2":{"start":{"line":5,"column":0},"end":{"line":5,"column":null}},"3":{"start":{"line":5,"column":48},"end":{"line":5,"column":56}},"4":{"start":{"line":7,"column":8},"end":{"line":7,"column":null}},"5":{"start":{"line":10,"column":4},"end":{"line":22,"column":null}},"6":{"start":{"line":11,"column":20},"end":{"line":11,"column":38}},"7":{"start":{"line":12,"column":8},"end":{"line":14,"column":null}},"8":{"start":{"line":13,"column":12},"end":{"line":13,"column":25}},"9":{"start":{"line":16,"column":27},"end":{"line":16,"column":56}},"10":{"start":{"line":17,"column":24},"end":{"line":17,"column":48}},"11":{"start":{"line":19,"column":33},"end":{"line":19,"column":65}},"12":{"start":{"line":21,"column":8},"end":{"line":21,"column":64}},"13":{"start":{"line":23,"column":0},"end":{"line":23,"column":null}},"14":{"start":{"line":5,"column":13},"end":{"line":5,"column":39}}},"fnMap":{"0":{"name":"(anonymous_6)","decl":{"start":{"line":5,"column":0},"end":{"line":5,"column":13}},"loc":{"start":{"line":5,"column":0},"end":{"line":23,"column":null}}},"1":{"name":"GradualRolloutUserStrategy","decl":{"start":{"line":6,"column":4},"end":{"line":6,"column":null}},"loc":{"start":{"line":6,"column":4},"end":{"line":8,"column":5}}},"2":{"name":"(anonymous_8)","decl":{"start":{"line":10,"column":4},"end":{"line":10,"column":13}},"loc":{"start":{"line":10,"column":59},"end":{"line":22,"column":5}}}},"branchMap":{"0":{"loc":{"start":{"line":7,"column":8},"end":{"line":7,"column":37}},"type":"binary-expr","locations":[{"start":{"line":7,"column":8},"end":{"line":7,"column":37}},{"start":{"line":7,"column":37},"end":{"line":7,"column":null}}]},"1":{"loc":{"start":{"line":11,"column":30},"end":{"line":11,"column":32}},"type":"cond-expr","locations":[{"start":{"line":11,"column":30},"end":{"line":11,"column":32}},{"start":{"line":11,"column":30},"end":{"line":11,"column":38}}]},"2":{"loc":{"start":{"line":11,"column":20},"end":{"line":11,"column":32}},"type":"binary-expr","locations":[{"start":{"line":11,"column":20},"end":{"line":11,"column":32}},{"start":{"line":11,"column":30},"end":{"line":11,"column":32}}]},"3":{"loc":{"start":{"line":12,"column":8},"end":{"line":14,"column":null}},"type":"if","locations":[{"start":{"line":12,"column":8},"end":{"line":14,"column":null}},{"start":{"line":12,"column":8},"end":{"line":14,"column":null}}]},"4":{"loc":{"start":{"line":17,"column":24},"end":{"line":17,"column":42}},"type":"binary-expr","locations":[{"start":{"line":17,"column":24},"end":{"line":17,"column":42}},{"start":{"line":17,"column":46},"end":{"line":17,"column":48}}]},"5":{"loc":{"start":{"line":21,"column":15},"end":{"line":21,"column":29}},"type":"binary-expr","locations":[{"start":{"line":21,"column":15},"end":{"line":21,"column":29}},{"start":{"line":21,"column":33},"end":{"line":21,"column":63}}]}},"s":{"0":1,"1":1,"2":1,"3":1,"4":6,"5":1,"6":200004,"7":200004,"8":0,"9":200004,"10":200004,"11":200004,"12":200004,"13":1,"14":1},"f":{"0":1,"1":6,"2":200004},"b":{"0":[6,6],"1":[0,200004],"2":[200004,200004],"3":[0,200004],"4":[200004,0],"5":[200004,200003]}}
,"/Users/mpijittum/src/bigbears/bearmaster-project/bearmaster-client-js/src/strategy/HostnameStrategy.ts": {"path":"/Users/mpijittum/src/bigbears/bearmaster-project/bearmaster-client-js/src/strategy/HostnameStrategy.ts","statementMap":{"0":{"start":{"line":1,"column":0},"end":{"line":1,"column":38}},"1":{"start":{"line":2,"column":0},"end":{"line":2,"column":30}},"2":{"start":{"line":4,"column":0},"end":{"line":4,"column":null}},"3":{"start":{"line":4,"column":38},"end":{"line":4,"column":46}},"4":{"start":{"line":8,"column":8},"end":{"line":8,"column":null}},"5":{"start":{"line":9,"column":8},"end":{"line":9,"column":90}},"6":{"start":{"line":12,"column":4},"end":{"line":21,"column":null}},"7":{"start":{"line":13,"column":8},"end":{"line":15,"column":null}},"8":{"start":{"line":14,"column":12},"end":{"line":14,"column":25}},"9":{"start":{"line":17,"column":8},"end":{"line":20,"column":37}},"10":{"start":{"line":22,"column":0},"end":{"line":22,"column":null}},"11":{"start":{"line":4,"column":13},"end":{"line":4,"column":29}}},"fnMap":{"0":{"name":"(anonymous_6)","decl":{"start":{"line":4,"column":0},"end":{"line":4,"column":13}},"loc":{"start":{"line":4,"column":0},"end":{"line":22,"column":null}}},"1":{"name":"HostnameStrategy","decl":{"start":{"line":7,"column":4},"end":{"line":7,"column":null}},"loc":{"start":{"line":7,"column":4},"end":{"line":10,"column":5}}},"2":{"name":"(anonymous_8)","decl":{"start":{"line":12,"column":4},"end":{"line":12,"column":13}},"loc":{"start":{"line":12,"column":29},"end":{"line":21,"column":5}}}},"branchMap":{"0":{"loc":{"start":{"line":8,"column":8},"end":{"line":8,"column":25}},"type":"binary-expr","locations":[{"start":{"line":8,"column":8},"end":{"line":8,"column":25}},{"start":{"line":8,"column":25},"end":{"line":8,"column":null}}]},"1":{"loc":{"start":{"line":9,"column":25},"end":{"line":9,"column":45}},"type":"binary-expr","locations":[{"start":{"line":9,"column":25},"end":{"line":9,"column":45}},{"start":{"line":9,"column":49},"end":{"line":9,"column":59}},{"start":{"line":9,"column":63},"end":{"line":9,"column":74}}]},"2":{"loc":{"start":{"line":13,"column":8},"end":{"line":15,"column":null}},"type":"if","locations":[{"start":{"line":13,"column":8},"end":{"line":15,"column":null}},{"start":{"line":13,"column":8},"end":{"line":15,"column":null}}]}},"s":{"0":1,"1":1,"2":1,"3":1,"4":6,"5":6,"6":1,"7":5,"8":1,"9":4,"10":1,"11":1},"f":{"0":1,"1":6,"2":5},"b":{"0":[6,6],"1":[6,4,0],"2":[1,4]}}
,"/Users/mpijittum/src/bigbears/bearmaster-project/bearmaster-client-js/src/strategy/RemoteAddressStrategy.ts": {"path":"/Users/mpijittum/src/bigbears/bearmaster-project/bearmaster-client-js/src/strategy/RemoteAddressStrategy.ts","statementMap":{"0":{"start":{"line":1,"column":0},"end":{"line":1,"column":38}},"1":{"start":{"line":3,"column":0},"end":{"line":3,"column":25}},"2":{"start":{"line":5,"column":0},"end":{"line":5,"column":null}},"3":{"start":{"line":5,"column":43},"end":{"line":5,"column":51}},"4":{"start":{"line":7,"column":8},"end":{"line":7,"column":null}},"5":{"start":{"line":10,"column":4},"end":{"line":32,"column":null}},"6":{"start":{"line":11,"column":8},"end":{"line":13,"column":null}},"7":{"start":{"line":12,"column":12},"end":{"line":12,"column":25}},"8":{"start":{"line":15,"column":24},"end":{"line":15,"column":68}},"9":{"start":{"line":17,"column":8},"end":{"line":29,"column":null}},"10":{"start":{"line":17,"column":28},"end":{"line":17,"column":38}},"11":{"start":{"line":17,"column":28},"end":{"line":17,"column":59}},"12":{"start":{"line":17,"column":24},"end":{"line":17,"column":28}},"13":{"start":{"line":18,"column":12},"end":{"line":28,"column":null}},"14":{"start":{"line":19,"column":16},"end":{"line":25,"column":null}},"15":{"start":{"line":20,"column":20},"end":{"line":20,"column":32}},"16":{"start":{"line":21,"column":23},"end":{"line":25,"column":null}},"17":{"start":{"line":22,"column":20},"end":{"line":24,"column":null}},"18":{"start":{"line":23,"column":24},"end":{"line":23,"column":36}},"19":{"start":{"line":27,"column":16},"end":{"line":27,"column":25}},"20":{"start":{"line":31,"column":8},"end":{"line":31,"column":21}},"21":{"start":{"line":33,"column":0},"end":{"line":33,"column":null}},"22":{"start":{"line":5,"column":13},"end":{"line":5,"column":34}}},"fnMap":{"0":{"name":"(anonymous_6)","decl":{"start":{"line":5,"column":0},"end":{"line":5,"column":13}},"loc":{"start":{"line":5,"column":0},"end":{"line":33,"column":null}}},"1":{"name":"RemoteAddressStrategy","decl":{"start":{"line":6,"column":4},"end":{"line":6,"column":null}},"loc":{"start":{"line":6,"column":4},"end":{"line":8,"column":5}}},"2":{"name":"(anonymous_8)","decl":{"start":{"line":10,"column":4},"end":{"line":10,"column":13}},"loc":{"start":{"line":10,"column":59},"end":{"line":32,"column":5}}}},"branchMap":{"0":{"loc":{"start":{"line":7,"column":8},"end":{"line":7,"column":30}},"type":"binary-expr","locations":[{"start":{"line":7,"column":8},"end":{"line":7,"column":30}},{"start":{"line":7,"column":30},"end":{"line":7,"column":null}}]},"1":{"loc":{"start":{"line":11,"column":8},"end":{"line":13,"column":null}},"type":"if","locations":[{"start":{"line":11,"column":8},"end":{"line":13,"column":null}},{"start":{"line":11,"column":8},"end":{"line":13,"column":null}}]},"2":{"loc":{"start":{"line":15,"column":49},"end":{"line":15,"column":51}},"type":"cond-expr","locations":[{"start":{"line":15,"column":49},"end":{"line":15,"column":51}},{"start":{"line":15,"column":49},"end":{"line":15,"column":65}}]},"3":{"loc":{"start":{"line":15,"column":24},"end":{"line":15,"column":51}},"type":"binary-expr","locations":[{"start":{"line":15,"column":24},"end":{"line":15,"column":51}},{"start":{"line":15,"column":49},"end":{"line":15,"column":51}}]},"4":{"loc":{"start":{"line":15,"column":34},"end":{"line":15,"column":36}},"type":"cond-expr","locations":[{"start":{"line":15,"column":34},"end":{"line":15,"column":36}},{"start":{"line":15,"column":34},"end":{"line":15,"column":49}}]},"5":{"loc":{"start":{"line":15,"column":24},"end":{"line":15,"column":36}},"type":"binary-expr","locations":[{"start":{"line":15,"column":24},"end":{"line":15,"column":36}},{"start":{"line":15,"column":34},"end":{"line":15,"column":36}}]},"6":{"loc":{"start":{"line":15,"column":59},"end":{"line":15,"column":65}},"type":"cond-expr","locations":[{"start":{"line":15,"column":59},"end":{"line":15,"column":65}},{"start":{"line":15,"column":65},"end":{"line":15,"column":67}}]},"7":{"loc":{"start":{"line":15,"column":59},"end":{"line":15,"column":65}},"type":"binary-expr","locations":[{"start":{"line":15,"column":59},"end":{"line":15,"column":65}},{"start":{"line":15,"column":59},"end":{"line":15,"column":65}}]},"8":{"loc":{"start":{"line":19,"column":16},"end":{"line":25,"column":null}},"type":"if","locations":[{"start":{"line":19,"column":16},"end":{"line":25,"column":null}},{"start":{"line":19,"column":16},"end":{"line":25,"column":null}}]},"9":{"loc":{"start":{"line":21,"column":23},"end":{"line":25,"column":null}},"type":"if","locations":[{"start":{"line":21,"column":23},"end":{"line":25,"column":null}},{"start":{"line":21,"column":23},"end":{"line":25,"column":null}}]},"10":{"loc":{"start":{"line":22,"column":20},"end":{"line":24,"column":null}},"type":"if","locations":[{"start":{"line":22,"column":20},"end":{"line":24,"column":null}},{"start":{"line":22,"column":20},"end":{"line":24,"column":null}}]}},"s":{"0":1,"1":1,"2":1,"3":1,"4":8,"5":1,"6":7,"7":1,"8":6,"9":6,"10":6,"11":6,"12":14,"13":14,"14":14,"15":3,"16":11,"17":3,"18":1,"19":2,"20":2,"21":1,"22":1},"f":{"0":1,"1":8,"2":7},"b":{"0":[8,8],"1":[1,6],"2":[0,6],"3":[6,6],"4":[0,6],"5":[6,6],"6":[6,0],"7":[6,6],"8":[3,11],"9":[3,8],"10":[1,0]}}
,"/Users/mpijittum/src/bigbears/bearmaster-project/bearmaster-client-js/src/strategy/Strategy.ts": {"path":"/Users/mpijittum/src/bigbears/bearmaster-project/bearmaster-client-js/src/strategy/Strategy.ts","statementMap":{"0":{"start":{"line":2,"column":0},"end":{"line":2,"column":36}},"1":{"start":{"line":4,"column":28},"end":{"line":12,"column":1}},"2":{"start":{"line":5,"column":4},"end":{"line":11,"column":null}},"3":{"start":{"line":6,"column":8},"end":{"line":6,"column":30}},"4":{"start":{"line":7,"column":11},"end":{"line":11,"column":null}},"5":{"start":{"line":8,"column":8},"end":{"line":8,"column":41}},"6":{"start":{"line":10,"column":8},"end":{"line":10,"column":25}},"7":{"start":{"line":14,"column":0},"end":{"line":14,"column":22}},"8":{"start":{"line":18,"column":30},"end":{"line":18,"column":null}},"9":{"start":{"line":19,"column":8},"end":{"line":19,"column":38}},"10":{"start":{"line":20,"column":8},"end":{"line":20,"column":39}},"11":{"start":{"line":23,"column":4},"end":{"line":23,"column":null}},"12":{"start":{"line":23,"column":24},"end":{"line":23,"column":41}},"13":{"start":{"line":25,"column":4},"end":{"line":30,"column":null}},"14":{"start":{"line":26,"column":22},"end":{"line":26,"column":44}},"15":{"start":{"line":27,"column":29},"end":{"line":27,"column":64}},"16":{"start":{"line":28,"column":21},"end":{"line":28,"column":79}},"17":{"start":{"line":28,"column":51},"end":{"line":28,"column":79}},"18":{"start":{"line":29,"column":8},"end":{"line":29,"column":66}},"19":{"start":{"line":32,"column":4},"end":{"line":37,"column":null}},"20":{"start":{"line":32,"column":4},"end":{"line":32,"column":20}},"21":{"start":{"line":33,"column":8},"end":{"line":35,"column":null}},"22":{"start":{"line":34,"column":12},"end":{"line":34,"column":24}},"23":{"start":{"line":36,"column":8},"end":{"line":36,"column":90}},"24":{"start":{"line":36,"column":47},"end":{"line":36,"column":89}},"25":{"start":{"line":39,"column":4},"end":{"line":41,"column":null}},"26":{"start":{"line":40,"column":8},"end":{"line":40,"column":32}},"27":{"start":{"line":43,"column":4},"end":{"line":45,"column":null}},"28":{"start":{"line":44,"column":8},"end":{"line":44,"column":94}},"29":{"start":{"line":46,"column":0},"end":{"line":46,"column":null}},"30":{"start":{"line":14,"column":22},"end":{"line":14,"column":30}}},"fnMap":{"0":{"name":"(anonymous_0)","decl":{"start":{"line":4,"column":28},"end":{"line":4,"column":29}},"loc":{"start":{"line":4,"column":71},"end":{"line":12,"column":1}}},"1":{"name":"(anonymous_1)","decl":{"start":{"line":14,"column":0},"end":{"line":14,"column":22}},"loc":{"start":{"line":14,"column":0},"end":{"line":46,"column":null}}},"2":{"name":"Strategy","decl":{"start":{"line":18,"column":4},"end":{"line":18,"column":16}},"loc":{"start":{"line":18,"column":58},"end":{"line":21,"column":5}}},"3":{"name":"(anonymous_3)","decl":{"start":{"line":23,"column":4},"end":{"line":23,"column":11}},"loc":{"start":{"line":23,"column":4},"end":{"line":23,"column":43}}},"4":{"name":"(anonymous_4)","decl":{"start":{"line":25,"column":4},"end":{"line":25,"column":19}},"loc":{"start":{"line":25,"column":82},"end":{"line":30,"column":5}}},"5":{"name":"(anonymous_5)","decl":{"start":{"line":28,"column":44},"end":{"line":28,"column":47}},"loc":{"start":{"line":28,"column":47},"end":{"line":28,"column":54}}},"6":{"name":"(anonymous_6)","decl":{"start":{"line":32,"column":4},"end":{"line":32,"column":20}},"loc":{"start":{"line":32,"column":86},"end":{"line":37,"column":5}}},"7":{"name":"(anonymous_7)","decl":{"start":{"line":36,"column":33},"end":{"line":36,"column":43}},"loc":{"start":{"line":36,"column":43},"end":{"line":36,"column":51}}},"8":{"name":"(anonymous_8)","decl":{"start":{"line":39,"column":4},"end":{"line":39,"column":13}},"loc":{"start":{"line":39,"column":54},"end":{"line":41,"column":5}}},"9":{"name":"(anonymous_9)","decl":{"start":{"line":43,"column":4},"end":{"line":43,"column":27}},"loc":{"start":{"line":43,"column":106},"end":{"line":45,"column":5}}}},"branchMap":{"0":{"loc":{"start":{"line":5,"column":4},"end":{"line":11,"column":null}},"type":"if","locations":[{"start":{"line":5,"column":4},"end":{"line":11,"column":null}},{"start":{"line":5,"column":4},"end":{"line":11,"column":null}}]},"1":{"loc":{"start":{"line":7,"column":11},"end":{"line":11,"column":null}},"type":"if","locations":[{"start":{"line":7,"column":11},"end":{"line":11,"column":null}},{"start":{"line":7,"column":11},"end":{"line":11,"column":null}}]},"2":{"loc":{"start":{"line":7,"column":15},"end":{"line":7,"column":33}},"type":"binary-expr","locations":[{"start":{"line":7,"column":15},"end":{"line":7,"column":33}},{"start":{"line":7,"column":37},"end":{"line":7,"column":62}}]},"3":{"loc":{"start":{"line":18,"column":30},"end":{"line":18,"column":null}},"type":"if","locations":[{"start":{"line":18,"column":30},"end":{"line":18,"column":null}},{"start":{"line":18,"column":30},"end":{"line":18,"column":null}}]},"4":{"loc":{"start":{"line":19,"column":20},"end":{"line":19,"column":24}},"type":"binary-expr","locations":[{"start":{"line":19,"column":20},"end":{"line":19,"column":24}},{"start":{"line":19,"column":28},"end":{"line":19,"column":37}}]},"5":{"loc":{"start":{"line":29,"column":53},"end":{"line":29,"column":57}},"type":"cond-expr","locations":[{"start":{"line":29,"column":53},"end":{"line":29,"column":57}},{"start":{"line":29,"column":60},"end":{"line":29,"column":65}}]},"6":{"loc":{"start":{"line":33,"column":8},"end":{"line":35,"column":null}},"type":"if","locations":[{"start":{"line":33,"column":8},"end":{"line":35,"column":null}},{"start":{"line":33,"column":8},"end":{"line":35,"column":null}}]},"7":{"loc":{"start":{"line":33,"column":12},"end":{"line":33,"column":24}},"type":"binary-expr","locations":[{"start":{"line":33,"column":12},"end":{"line":33,"column":24}},{"start":{"line":33,"column":28},"end":{"line":33,"column":52}}]},"8":{"loc":{"start":{"line":44,"column":15},"end":{"line":44,"column":58}},"type":"binary-expr","locations":[{"start":{"line":44,"column":15},"end":{"line":44,"column":58}},{"start":{"line":44,"column":62},"end":{"line":44,"column":93}}]}},"s":{"0":8,"1":8,"2":0,"3":0,"4":0,"5":0,"6":0,"7":8,"8":94,"9":47,"10":47,"11":8,"12":8,"13":8,"14":0,"15":0,"16":0,"17":0,"18":0,"19":8,"20":0,"21":0,"22":0,"23":0,"24":0,"25":8,"26":0,"27":8,"28":0,"29":8,"30":8},"f":{"0":0,"1":8,"2":47,"3":8,"4":0,"5":0,"6":0,"7":0,"8":0,"9":0},"b":{"0":[0,0],"1":[0,0],"2":[0,0],"3":[47,0],"4":[47,0],"5":[0,0],"6":[0,0],"7":[0,0],"8":[0,0]}}
,"/Users/mpijittum/src/bigbears/bearmaster-project/bearmaster-client-js/src/strategy/UserWithIdStrategy.ts": {"path":"/Users/mpijittum/src/bigbears/bearmaster-project/bearmaster-client-js/src/strategy/UserWithIdStrategy.ts","statementMap":{"0":{"start":{"line":1,"column":0},"end":{"line":1,"column":38}},"1":{"start":{"line":4,"column":0},"end":{"line":4,"column":null}},"2":{"start":{"line":4,"column":40},"end":{"line":4,"column":48}},"3":{"start":{"line":6,"column":8},"end":{"line":6,"column":null}},"4":{"start":{"line":9,"column":4},"end":{"line":12,"column":null}},"5":{"start":{"line":10,"column":27},"end":{"line":10,"column":62}},"6":{"start":{"line":11,"column":8},"end":{"line":11,"column":51}},"7":{"start":{"line":13,"column":0},"end":{"line":13,"column":null}},"8":{"start":{"line":4,"column":13},"end":{"line":4,"column":31}}},"fnMap":{"0":{"name":"(anonymous_6)","decl":{"start":{"line":4,"column":0},"end":{"line":4,"column":13}},"loc":{"start":{"line":4,"column":0},"end":{"line":13,"column":null}}},"1":{"name":"UserWithIdStrategy","decl":{"start":{"line":5,"column":4},"end":{"line":5,"column":null}},"loc":{"start":{"line":5,"column":4},"end":{"line":7,"column":5}}},"2":{"name":"(anonymous_8)","decl":{"start":{"line":9,"column":4},"end":{"line":9,"column":13}},"loc":{"start":{"line":9,"column":58},"end":{"line":12,"column":5}}}},"branchMap":{"0":{"loc":{"start":{"line":6,"column":8},"end":{"line":6,"column":27}},"type":"binary-expr","locations":[{"start":{"line":6,"column":8},"end":{"line":6,"column":27}},{"start":{"line":6,"column":27},"end":{"line":6,"column":null}}]}},"s":{"0":1,"1":1,"2":1,"3":5,"4":1,"5":4,"6":4,"7":1,"8":1},"f":{"0":1,"1":5,"2":4},"b":{"0":[5,5]}}
}
