TN:
SF:/Users/mpijittum/src/bigbears/bearmaster-project/bearmaster-client-js/src/enums.ts
FN:1,(anonymous_0)
FN:6,(anonymous_1)
FN:10,(anonymous_2)
FNF:3
FNH:3
FNDA:8,(anonymous_0)
FNDA:8,(anonymous_1)
FNDA:8,(anonymous_2)
DA:1,8
DA:2,8
DA:3,8
DA:6,8
DA:7,8
DA:10,8
DA:11,8
DA:12,8
DA:13,8
LF:9
LH:9
BRDA:1,0,0,8
BRDA:1,0,1,8
BRDA:6,1,0,8
BRDA:6,1,1,8
BRDA:10,2,0,8
BRDA:10,2,1,8
BRF:6
BRH:6
end_of_record
TN:
SF:/Users/mpijittum/src/bigbears/bearmaster-project/bearmaster-client-js/src/repository.ts
FN:28,(anonymous_19)
FN:41,Repository
FN:62,(anonymous_21)
FN:63,(anonymous_22)
FN:65,(anonymous_23)
FN:68,(anonymous_24)
FN:70,(anonymous_25)
FN:77,(anonymous_26)
FN:99,(anonymous_27)
FN:118,(anonymous_30)
FN:141,(anonymous_31)
FN:160,(anonymous_32)
FN:169,(anonymous_33)
FN:173,(anonymous_34)
FN:175,(anonymous_35)
FNF:15
FNH:2
FNDA:1,(anonymous_19)
FNDA:1,Repository
FNDA:0,(anonymous_21)
FNDA:0,(anonymous_22)
FNDA:0,(anonymous_23)
FNDA:0,(anonymous_24)
FNDA:0,(anonymous_25)
FNDA:0,(anonymous_26)
FNDA:0,(anonymous_27)
FNDA:0,(anonymous_30)
FNDA:0,(anonymous_31)
FNDA:0,(anonymous_32)
FNDA:0,(anonymous_33)
FNDA:0,(anonymous_34)
FNDA:0,(anonymous_35)
DA:1,1
DA:2,1
DA:4,1
DA:5,1
DA:28,1
DA:39,1
DA:42,1
DA:43,1
DA:44,1
DA:45,1
DA:46,1
DA:47,2
DA:48,1
DA:49,1
DA:50,1
DA:52,1
DA:53,1
DA:54,1
DA:55,1
DA:56,1
DA:57,1
DA:58,1
DA:59,1
DA:61,1
DA:62,1
DA:63,1
DA:65,1
DA:68,1
DA:69,0
DA:70,0
DA:71,0
DA:72,0
DA:77,1
DA:78,0
DA:79,0
DA:80,0
DA:85,0
DA:86,0
DA:89,0
DA:90,0
DA:93,0
DA:94,0
DA:95,0
DA:99,1
DA:100,0
DA:101,0
DA:103,0
DA:105,0
DA:106,0
DA:107,0
DA:109,0
DA:120,0
DA:122,0
DA:123,0
DA:126,0
DA:128,0
DA:131,0
DA:132,0
DA:138,0
DA:139,0
DA:140,0
DA:142,0
DA:143,0
DA:144,0
DA:148,0
DA:149,0
DA:152,0
DA:154,0
DA:160,1
DA:161,0
DA:162,0
DA:163,0
DA:165,0
DA:166,0
DA:169,1
DA:170,0
DA:173,1
DA:174,0
DA:175,0
DA:177,1
LF:80
LH:34
BRDA:47,0,0,0
BRDA:47,0,1,1
BRDA:52,1,0,1
BRDA:52,1,1,1
BRDA:69,2,0,0
BRDA:69,2,1,0
BRDA:69,3,0,0
BRDA:69,3,1,0
BRDA:71,4,0,0
BRDA:71,4,1,0
BRDA:79,5,0,0
BRDA:79,5,1,0
BRDA:85,6,0,0
BRDA:85,6,1,0
BRDA:85,7,0,0
BRDA:85,7,1,0
BRDA:89,8,0,0
BRDA:89,8,1,0
BRDA:93,9,0,0
BRDA:93,9,1,0
BRDA:100,10,0,0
BRDA:100,10,1,0
BRDA:105,11,0,0
BRDA:105,11,1,0
BRDA:122,12,0,0
BRDA:122,12,1,0
BRDA:126,13,0,0
BRDA:126,13,1,0
BRDA:131,14,0,0
BRDA:131,14,1,0
BRDA:131,15,0,0
BRDA:131,15,1,0
BRDA:150,16,0,0
BRDA:150,16,1,0
BRDA:162,17,0,0
BRDA:162,17,1,0
BRF:36
BRH:3
end_of_record
TN:
SF:/Users/mpijittum/src/bigbears/bearmaster-project/bearmaster-client-js/src/request.ts
FN:27,(anonymous_0)
FN:47,(anonymous_1)
FNF:2
FNH:0
FNDA:0,(anonymous_0)
FNDA:0,(anonymous_1)
DA:1,1
DA:27,1
DA:28,0
DA:31,0
DA:44,0
DA:47,1
DA:48,0
DA:51,0
DA:63,0
DA:64,0
DA:66,0
LF:11
LH:3
BRDA:33,0,0,0
BRDA:33,0,1,0
BRDA:53,1,0,0
BRDA:53,1,1,0
BRDA:63,2,0,0
BRDA:63,2,1,0
BRF:6
BRH:0
end_of_record
TN:
SF:/Users/mpijittum/src/bigbears/bearmaster-project/bearmaster-client-js/src/storage.ts
FN:10,(anonymous_6)
FN:18,Storage
FN:26,(anonymous_8)
FN:30,(anonymous_9)
FN:34,(anonymous_10)
FN:44,(anonymous_11)
FN:48,(anonymous_12)
FN:52,(anonymous_13)
FN:53,(anonymous_14)
FN:61,(anonymous_15)
FN:62,(anonymous_16)
FNF:11
FNH:11
FNDA:2,(anonymous_6)
FNDA:13,Storage
FNDA:12,(anonymous_8)
FNDA:12,(anonymous_9)
FNDA:12,(anonymous_10)
FNDA:16,(anonymous_11)
FNDA:2,(anonymous_12)
FNDA:10,(anonymous_13)
FNDA:10,(anonymous_14)
FNDA:12,(anonymous_15)
FNDA:12,(anonymous_16)
DA:1,2
DA:2,2
DA:3,2
DA:10,2
DA:16,13
DA:18,13
DA:19,13
DA:20,13
DA:21,13
DA:22,13
DA:23,13
DA:26,12
DA:27,12
DA:30,22
DA:31,12
DA:32,12
DA:33,12
DA:34,12
DA:35,12
DA:36,11
DA:38,12
DA:39,10
DA:44,2
DA:45,16
DA:48,2
DA:49,2
DA:52,10
DA:53,10
DA:54,10
DA:55,1
DA:57,9
DA:61,12
DA:62,12
DA:63,12
DA:64,9
DA:67,3
DA:68,1
DA:69,0
DA:71,1
DA:74,2
DA:75,2
DA:77,0
DA:78,0
DA:82,2
LF:44
LH:41
BRDA:19,0,0,13
BRDA:19,0,1,13
BRDA:26,1,0,0
BRDA:26,1,1,12
BRDA:30,2,0,10
BRDA:30,2,1,2
BRDA:35,3,0,11
BRDA:35,3,1,1
BRDA:38,4,0,10
BRDA:38,4,1,2
BRDA:54,5,0,1
BRDA:54,5,1,9
BRDA:63,6,0,9
BRDA:63,6,1,3
BRDA:67,7,0,1
BRDA:67,7,1,2
BRDA:68,8,0,0
BRDA:68,8,1,1
BRF:18
BRH:16
end_of_record
TN:
SF:/Users/mpijittum/src/bigbears/bearmaster-project/bearmaster-client-js/src/utils.ts
FN:3,normalizedValue
FNF:1
FNH:1
FNDA:400016,normalizedValue
DA:1,3
DA:3,800032
DA:4,400016
LF:3
LH:3
BRDA:3,0,0,400016
BRDA:3,0,1,0
BRF:2
BRH:1
end_of_record
TN:
SF:/Users/mpijittum/src/bigbears/bearmaster-project/bearmaster-client-js/src/strategy/DefaultStrategy.ts
FN:3,(anonymous_6)
FN:4,DefaultStrategy
FN:8,(anonymous_8)
FNF:3
FNH:3
FNDA:1,(anonymous_6)
FNDA:2,DefaultStrategy
FNDA:1,(anonymous_8)
DA:1,1
DA:3,1
DA:5,2
DA:8,1
DA:9,1
DA:11,1
LF:6
LH:6
BRDA:5,0,0,2
BRDA:5,0,1,2
BRF:2
BRH:2
end_of_record
TN:
SF:/Users/mpijittum/src/bigbears/bearmaster-project/bearmaster-client-js/src/strategy/FlexibleRolloutStrategy.ts
FN:12,(anonymous_6)
FN:15,FlexibleRolloutStrategy
FN:13,(anonymous_8)
FN:22,(anonymous_9)
FN:35,(anonymous_10)
FNF:5
FNH:4
FNDA:1,(anonymous_6)
FNDA:6,FlexibleRolloutStrategy
FNDA:0,(anonymous_8)
FNDA:5,(anonymous_9)
FNDA:5,(anonymous_10)
DA:1,1
DA:2,1
DA:5,1
DA:12,1
DA:13,6
DA:16,6
DA:17,6
DA:18,1
DA:22,1
DA:23,5
DA:25,1
DA:27,0
DA:29,0
DA:31,4
DA:35,1
DA:36,5
DA:37,5
DA:38,5
DA:39,5
DA:41,5
DA:42,1
DA:44,4
DA:45,4
DA:48,1
LF:24
LH:22
BRDA:16,0,0,6
BRDA:16,0,1,6
BRDA:17,1,0,1
BRDA:17,1,1,5
BRDA:24,2,0,1
BRDA:24,2,1,0
BRDA:24,2,2,0
BRDA:24,2,3,4
BRDA:25,3,0,0
BRDA:25,3,1,1
BRDA:25,4,0,1
BRDA:25,4,1,1
BRDA:27,5,0,0
BRDA:27,5,1,0
BRDA:27,6,0,0
BRDA:27,6,1,0
BRDA:31,7,0,4
BRDA:31,7,1,1
BRDA:31,7,2,1
BRDA:31,8,0,0
BRDA:31,8,1,4
BRDA:31,9,0,4
BRDA:31,9,1,4
BRDA:31,10,0,0
BRDA:31,10,1,1
BRDA:31,11,0,1
BRDA:31,11,1,1
BRDA:36,12,0,5
BRDA:36,12,1,0
BRDA:36,12,2,0
BRDA:36,13,0,0
BRDA:36,13,1,0
BRDA:36,14,0,0
BRDA:36,14,1,0
BRDA:38,15,0,5
BRDA:38,15,1,0
BRDA:41,16,0,1
BRDA:41,16,1,4
BRDA:45,17,0,4
BRDA:45,17,1,4
BRF:40
BRH:24
end_of_record
TN:
SF:/Users/mpijittum/src/bigbears/bearmaster-project/bearmaster-client-js/src/strategy/GradualRolloutRandomStrategy.ts
FN:4,(anonymous_6)
FN:7,GradualRolloutRandomStrategy
FN:5,(anonymous_8)
FN:12,(anonymous_9)
FNF:4
FNH:4
FNDA:1,(anonymous_6)
FNDA:8,GradualRolloutRandomStrategy
FNDA:200000,(anonymous_8)
FNDA:200006,(anonymous_9)
DA:1,1
DA:4,1
DA:5,200000
DA:8,8
DA:9,8
DA:12,1
DA:13,200006
DA:14,200006
DA:15,200006
DA:17,1
LF:10
LH:10
BRDA:8,0,0,8
BRDA:8,0,1,8
BRDA:9,1,0,8
BRDA:9,1,1,2
BRF:4
BRH:4
end_of_record
TN:
SF:/Users/mpijittum/src/bigbears/bearmaster-project/bearmaster-client-js/src/strategy/GradualRolloutSessionStrategy.ts
FN:5,(anonymous_6)
FN:6,GradualRolloutSessionStrategy
FN:10,(anonymous_8)
FNF:3
FNH:3
FNDA:1,(anonymous_6)
FNDA:6,GradualRolloutSessionStrategy
FNDA:200004,(anonymous_8)
DA:1,1
DA:2,1
DA:5,1
DA:7,6
DA:10,1
DA:11,200004
DA:12,200004
DA:13,0
DA:16,200004
DA:17,200004
DA:19,200004
DA:21,200004
DA:23,1
LF:13
LH:12
BRDA:7,0,0,6
BRDA:7,0,1,6
BRDA:11,1,0,0
BRDA:11,1,1,200004
BRDA:11,2,0,200004
BRDA:11,2,1,200004
BRDA:12,3,0,0
BRDA:12,3,1,200004
BRDA:17,4,0,200004
BRDA:17,4,1,0
BRDA:21,5,0,200004
BRDA:21,5,1,200003
BRF:12
BRH:9
end_of_record
TN:
SF:/Users/mpijittum/src/bigbears/bearmaster-project/bearmaster-client-js/src/strategy/GradualRolloutUserStrategy.ts
FN:5,(anonymous_6)
FN:6,GradualRolloutUserStrategy
FN:10,(anonymous_8)
FNF:3
FNH:3
FNDA:1,(anonymous_6)
FNDA:6,GradualRolloutUserStrategy
FNDA:200004,(anonymous_8)
DA:1,1
DA:2,1
DA:5,1
DA:7,6
DA:10,1
DA:11,200004
DA:12,200004
DA:13,0
DA:16,200004
DA:17,200004
DA:19,200004
DA:21,200004
DA:23,1
LF:13
LH:12
BRDA:7,0,0,6
BRDA:7,0,1,6
BRDA:11,1,0,0
BRDA:11,1,1,200004
BRDA:11,2,0,200004
BRDA:11,2,1,200004
BRDA:12,3,0,0
BRDA:12,3,1,200004
BRDA:17,4,0,200004
BRDA:17,4,1,0
BRDA:21,5,0,200004
BRDA:21,5,1,200003
BRF:12
BRH:9
end_of_record
TN:
SF:/Users/mpijittum/src/bigbears/bearmaster-project/bearmaster-client-js/src/strategy/HostnameStrategy.ts
FN:4,(anonymous_6)
FN:7,HostnameStrategy
FN:12,(anonymous_8)
FNF:3
FNH:3
FNDA:1,(anonymous_6)
FNDA:6,HostnameStrategy
FNDA:5,(anonymous_8)
DA:1,1
DA:2,1
DA:4,1
DA:8,6
DA:9,6
DA:12,1
DA:13,5
DA:14,1
DA:17,4
DA:22,1
LF:10
LH:10
BRDA:8,0,0,6
BRDA:8,0,1,6
BRDA:9,1,0,6
BRDA:9,1,1,4
BRDA:9,1,2,0
BRDA:13,2,0,1
BRDA:13,2,1,4
BRF:7
BRH:6
end_of_record
TN:
SF:/Users/mpijittum/src/bigbears/bearmaster-project/bearmaster-client-js/src/strategy/RemoteAddressStrategy.ts
FN:5,(anonymous_6)
FN:6,RemoteAddressStrategy
FN:10,(anonymous_8)
FNF:3
FNH:3
FNDA:1,(anonymous_6)
FNDA:8,RemoteAddressStrategy
FNDA:7,(anonymous_8)
DA:1,1
DA:3,1
DA:5,1
DA:7,8
DA:10,1
DA:11,7
DA:12,1
DA:15,6
DA:17,14
DA:18,14
DA:19,14
DA:20,3
DA:21,11
DA:22,3
DA:23,1
DA:27,2
DA:31,2
DA:33,1
LF:18
LH:18
BRDA:7,0,0,8
BRDA:7,0,1,8
BRDA:11,1,0,1
BRDA:11,1,1,6
BRDA:15,2,0,0
BRDA:15,2,1,6
BRDA:15,3,0,6
BRDA:15,3,1,6
BRDA:15,4,0,0
BRDA:15,4,1,6
BRDA:15,5,0,6
BRDA:15,5,1,6
BRDA:15,6,0,6
BRDA:15,6,1,0
BRDA:15,7,0,6
BRDA:15,7,1,6
BRDA:19,8,0,3
BRDA:19,8,1,11
BRDA:21,9,0,3
BRDA:21,9,1,8
BRDA:22,10,0,1
BRDA:22,10,1,0
BRF:22
BRH:18
end_of_record
TN:
SF:/Users/mpijittum/src/bigbears/bearmaster-project/bearmaster-client-js/src/strategy/Strategy.ts
FN:4,(anonymous_0)
FN:14,(anonymous_1)
FN:18,Strategy
FN:23,(anonymous_3)
FN:25,(anonymous_4)
FN:28,(anonymous_5)
FN:32,(anonymous_6)
FN:36,(anonymous_7)
FN:39,(anonymous_8)
FN:43,(anonymous_9)
FNF:10
FNH:3
FNDA:0,(anonymous_0)
FNDA:8,(anonymous_1)
FNDA:47,Strategy
FNDA:8,(anonymous_3)
FNDA:0,(anonymous_4)
FNDA:0,(anonymous_5)
FNDA:0,(anonymous_6)
FNDA:0,(anonymous_7)
FNDA:0,(anonymous_8)
FNDA:0,(anonymous_9)
DA:2,8
DA:4,8
DA:5,0
DA:6,0
DA:7,0
DA:8,0
DA:10,0
DA:14,8
DA:18,94
DA:19,47
DA:20,47
DA:23,8
DA:25,8
DA:26,0
DA:27,0
DA:28,0
DA:29,0
DA:32,8
DA:33,0
DA:34,0
DA:36,0
DA:39,8
DA:40,0
DA:43,8
DA:44,0
DA:46,8
LF:26
LH:12
BRDA:5,0,0,0
BRDA:5,0,1,0
BRDA:7,1,0,0
BRDA:7,1,1,0
BRDA:7,2,0,0
BRDA:7,2,1,0
BRDA:18,3,0,47
BRDA:18,3,1,0
BRDA:19,4,0,47
BRDA:19,4,1,0
BRDA:29,5,0,0
BRDA:29,5,1,0
BRDA:33,6,0,0
BRDA:33,6,1,0
BRDA:33,7,0,0
BRDA:33,7,1,0
BRDA:44,8,0,0
BRDA:44,8,1,0
BRF:18
BRH:2
end_of_record
TN:
SF:/Users/mpijittum/src/bigbears/bearmaster-project/bearmaster-client-js/src/strategy/UserWithIdStrategy.ts
FN:4,(anonymous_6)
FN:5,UserWithIdStrategy
FN:9,(anonymous_8)
FNF:3
FNH:3
FNDA:1,(anonymous_6)
FNDA:5,UserWithIdStrategy
FNDA:4,(anonymous_8)
DA:1,1
DA:4,1
DA:6,5
DA:9,1
DA:10,4
DA:11,4
DA:13,1
LF:7
LH:7
BRDA:6,0,0,5
BRDA:6,0,1,5
BRF:2
BRH:2
end_of_record
